This is pdfTeX, Version 3.14159265-2.6-1.40.17 (TeX Live 2016) (preloaded format=pdflatex 2017.2.17)  18 FEB 2017 02:16
entering extended mode
 restricted \write18 enabled.
 file:line:error style messages enabled.
 %&-line parsing enabled.
**selbstbericht.tex
(./selbstbericht.tex
LaTeX2e <2016/03/31>
Babel <3.9r> and hyphenation patterns for 22 language(s) loaded.
(/usr/local/texlive/2016basic/texmf-dist/tex/latex/koma-script/scrbook.cls
Document Class: scrbook 2016/05/10 v3.20 KOMA-Script document class (book)
(/usr/local/texlive/2016basic/texmf-dist/tex/latex/koma-script/scrkbase.sty
Package: scrkbase 2016/05/10 v3.20 KOMA-Script package (KOMA-Script-dependent b
asics and keyval usage)

(/usr/local/texlive/2016basic/texmf-dist/tex/latex/koma-script/scrbase.sty
Package: scrbase 2016/05/10 v3.20 KOMA-Script package (KOMA-Script-independent 
basics and keyval usage)

(/usr/local/texlive/2016basic/texmf-dist/tex/latex/graphics/keyval.sty
Package: keyval 2014/10/28 v1.15 key=value parser (DPC)
\KV@toks@=\toks14
)
(/usr/local/texlive/2016basic/texmf-dist/tex/latex/koma-script/scrlfile.sty
Package: scrlfile 2016/05/10 v3.20 KOMA-Script package (loading files)

Package scrlfile, 2016/05/10 v3.20 KOMA-Script package (loading files)
                  Copyright (C) Markus Kohm

))) (/usr/local/texlive/2016basic/texmf-dist/tex/latex/koma-script/tocbasic.sty
Package: tocbasic 2016/05/10 v3.20 KOMA-Script package (handling toc-files)
\scr@dte@tocline@numberwidth=\skip41
\scr@dte@tocline@numbox=\box26
)
Package tocbasic Info: omitting babel extension for `toc'
(tocbasic)             because of feature `nobabel' available
(tocbasic)             for `toc' on input line 132.
Package tocbasic Info: omitting babel extension for `lof'
(tocbasic)             because of feature `nobabel' available
(tocbasic)             for `lof' on input line 133.
Package tocbasic Info: omitting babel extension for `lot'
(tocbasic)             because of feature `nobabel' available
(tocbasic)             for `lot' on input line 134.
Package tocbasic Info: defining new hook before heading of `' on input line 160
1.
Class scrbook Info: You've used standard option `oneside'.
(scrbook)           This is correct!
(scrbook)           Internally I'm using `twoside=false'.
(scrbook)           If you'd like to set the option with \KOMAoptions,
(scrbook)           you'd have to use `twoside=false' there
(scrbook)           instead of `oneside', too.
Package scrbook Info: You've used standard option `10pt'.
(scrbook)             This is correct!
(scrbook)             Internally I'm using `fontsize=10pt'.
(scrbook)             If you'd like to set the option with \KOMAoptions,
(scrbook)             you'd have to use `fontsize=10pt' there
(scrbook)             instead of `10pt', too.
Class scrbook Info: File `scrsize10pt.clo' used to setup font sizes on input li
ne 2268.

(/usr/local/texlive/2016basic/texmf-dist/tex/latex/koma-script/scrsize10pt.clo
File: scrsize10pt.clo 2016/05/10 v3.20 KOMA-Script font size class option (10pt
)
) (/usr/local/texlive/2016basic/texmf-dist/tex/latex/koma-script/typearea.sty
Package: typearea 2016/05/10 v3.20 KOMA-Script package (type area)

Package typearea, 2016/05/10 v3.20 KOMA-Script package (type area)
                  Copyright (C) Frank Neukam, 1992-1994
                  Copyright (C) Markus Kohm, 1994-

\ta@bcor=\skip42
\ta@div=\count79
Package typearea Info: You've used standard option `a4paper'.
(typearea)             This is correct!
(typearea)             Internally I'm using `paper=a4'.
(typearea)             If you'd like to set the option with \KOMAoptions,
(typearea)             you'd have to use `paper=a4' there
(typearea)             instead of `a4paper', too.
Package typearea Info: You've used standard option `oneside'.
(typearea)             This is correct!
(typearea)             Internally I'm using `twoside=false'.
(typearea)             If you'd like to set the option with \KOMAoptions,
(typearea)             you'd have to use `twoside=false' there
(typearea)             instead of `oneside', too.
\ta@hblk=\skip43
\ta@vblk=\skip44
\ta@temp=\skip45
\footheight=\skip46
Package typearea Info: These are the values describing the layout:
(typearea)             DIV  = 11
(typearea)             BCOR = 34.1433pt
(typearea)             \paperwidth      = 597.50793pt
(typearea)              \textwidth      = 409.71974pt
(typearea)              DIV departure   = -14%
(typearea)              \evensidemargin = 38.69576pt
(typearea)              \oddsidemargin  = 38.69576pt
(typearea)             \paperheight     = 845.04694pt
(typearea)              \textheight     = 622.0pt
(typearea)              \topmargin      = -28.44754pt
(typearea)              \headheight     = 15.0pt
(typearea)              \headsep        = 18.0pt
(typearea)              \topskip        = 10.0pt
(typearea)              \footskip       = 42.0pt
(typearea)              \baselineskip   = 12.0pt
(typearea)              on input line 1528.
)
\c@part=\count80
\c@chapter=\count81
\c@section=\count82
\c@subsection=\count83
\c@subsubsection=\count84
\c@paragraph=\count85
\c@subparagraph=\count86
\scr@dte@part@maxnumwidth=\skip47
\scr@dte@chapter@maxnumwidth=\skip48
\scr@dte@section@maxnumwidth=\skip49
\scr@dte@subsection@maxnumwidth=\skip50
\scr@dte@subsubsection@maxnumwidth=\skip51
\scr@dte@paragraph@maxnumwidth=\skip52
\scr@dte@subparagraph@maxnumwidth=\skip53
LaTeX Info: Redefining \textsubscript on input line 4771.
\abovecaptionskip=\skip54
\belowcaptionskip=\skip55
\c@pti@nb@sid@b@x=\box27
\c@figure=\count87
\c@table=\count88
Class scrbook Info: Redefining `\numberline' on input line 5776.
\bibindent=\dimen102
) (/usr/local/texlive/2016basic/texmf-dist/tex/latex/graphics/color.sty
Package: color 2016/05/09 v1.1c Standard LaTeX Color (DPC)

(/usr/local/texlive/2016basic/texmf-dist/tex/latex/graphics-cfg/color.cfg
File: color.cfg 2016/01/02 v1.6 sample color configuration
)
Package color Info: Driver file: pdftex.def on input line 144.

(/usr/local/texlive/2016basic/texmf-dist/tex/latex/pdftex-def/pdftex.def
File: pdftex.def 2011/05/27 v0.06d Graphics/color for pdfTeX

(/usr/local/texlive/2016basic/texmf-dist/tex/generic/oberdiek/infwarerr.sty
Package: infwarerr 2016/05/16 v1.4 Providing info/warning/error messages (HO)
)
(/usr/local/texlive/2016basic/texmf-dist/tex/generic/oberdiek/ltxcmds.sty
Package: ltxcmds 2016/05/16 v1.23 LaTeX kernel commands for general use (HO)
)
\Gread@gobject=\count89
))
(/usr/local/texlive/2016basic/texmf-dist/tex/latex/xcolor/xcolor.sty
Package: xcolor 2016/05/11 v2.12 LaTeX color extensions (UK)

(/usr/local/texlive/2016basic/texmf-dist/tex/latex/graphics-cfg/color.cfg
File: color.cfg 2016/01/02 v1.6 sample color configuration
)
Package xcolor Info: Package option `html' ignored on input line 216.
Package xcolor Info: Driver file: pdftex.def on input line 225.
LaTeX Info: Redefining \color on input line 709.
Package xcolor Info: Model `cmy' substituted by `cmy0' on input line 1348.
Package xcolor Info: Model `hsb' substituted by `rgb' on input line 1352.
Package xcolor Info: Model `RGB' extended on input line 1364.
Package xcolor Info: Model `HTML' substituted by `rgb' on input line 1366.
Package xcolor Info: Model `Hsb' substituted by `hsb' on input line 1367.
Package xcolor Info: Model `tHsb' substituted by `hsb' on input line 1368.
Package xcolor Info: Model `HSB' substituted by `hsb' on input line 1369.
Package xcolor Info: Model `Gray' substituted by `gray' on input line 1370.
Package xcolor Info: Model `wave' substituted by `hsb' on input line 1371.
)
(/Users/jorge/Library/texmf/tex/latex/commonstuff/ngerman.sty v2.5e 1998-07-08
Package: ngerman 1998/07/08 v2.5e Support for writing german texts (br)
\grmnU@D=\dimen103
ngerman -- \language number for naustrian undefined, default 12 used.
) (/usr/local/texlive/2016basic/texmf-dist/tex/latex/base/inputenc.sty
Package: inputenc 2015/03/17 v1.2c Input encoding file
\inpenc@prehook=\toks15
\inpenc@posthook=\toks16

(/usr/local/texlive/2016basic/texmf-dist/tex/latex/ucs/utf8x.def
File: utf8x.def 2004/10/17 UCS: Input encoding UTF-8
))
(/usr/local/texlive/2016basic/texmf-dist/tex/latex/ucs/ucs.sty
Package: ucs 2013/05/11 v2.2 UCS: Unicode input support

(/usr/local/texlive/2016basic/texmf-dist/tex/latex/ucs/data/uni-global.def
File: uni-global.def 2013/05/13 UCS: Unicode global data
)
\uc@secondtry=\count90
\uc@combtoks=\toks17
\uc@combtoksb=\toks18
\uc@temptokena=\toks19
)
(/usr/local/texlive/2016basic/texmf-dist/tex/latex/base/fontenc.sty
Package: fontenc 2005/09/27 v1.99g Standard LaTeX package

(/usr/local/texlive/2016basic/texmf-dist/tex/latex/base/t1enc.def
File: t1enc.def 2005/09/27 v1.99g Standard LaTeX file
LaTeX Font Info:    Redeclaring font encoding T1 on input line 48.
))
(/usr/local/texlive/2016basic/texmf-dist/tex/latex/graphics/graphicx.sty
Package: graphicx 2014/10/28 v1.0g Enhanced LaTeX Graphics (DPC,SPQR)

(/usr/local/texlive/2016basic/texmf-dist/tex/latex/graphics/graphics.sty
Package: graphics 2016/05/09 v1.0r Standard LaTeX Graphics (DPC,SPQR)

(/usr/local/texlive/2016basic/texmf-dist/tex/latex/graphics/trig.sty
Package: trig 2016/01/03 v1.10 sin cos tan (DPC)
)
(/usr/local/texlive/2016basic/texmf-dist/tex/latex/graphics-cfg/graphics.cfg
File: graphics.cfg 2016/01/02 v1.10 sample graphics configuration
)
Package graphics Info: Driver file: pdftex.def on input line 96.
)
\Gin@req@height=\dimen104
\Gin@req@width=\dimen105
) (/usr/local/texlive/2016basic/texmf-dist/tex/latex/oberdiek/grffile.sty
Package: grffile 2016/05/16 v1.17 Extended file name support for graphics (HO)

(/usr/local/texlive/2016basic/texmf-dist/tex/generic/oberdiek/ifpdf.sty
Package: ifpdf 2016/05/14 v3.1 Provides the ifpdf switch
)
(/usr/local/texlive/2016basic/texmf-dist/tex/generic/ifxetex/ifxetex.sty
Package: ifxetex 2010/09/12 v0.6 Provides ifxetex conditional
)
(/usr/local/texlive/2016basic/texmf-dist/tex/latex/oberdiek/kvoptions.sty
Package: kvoptions 2016/05/16 v3.12 Key value format for package options (HO)

(/usr/local/texlive/2016basic/texmf-dist/tex/generic/oberdiek/kvsetkeys.sty
Package: kvsetkeys 2016/05/16 v1.17 Key value parser (HO)

(/usr/local/texlive/2016basic/texmf-dist/tex/generic/oberdiek/etexcmds.sty
Package: etexcmds 2016/05/16 v1.6 Avoid name clashes with e-TeX commands (HO)

(/usr/local/texlive/2016basic/texmf-dist/tex/generic/oberdiek/ifluatex.sty
Package: ifluatex 2016/05/16 v1.4 Provides the ifluatex switch (HO)
Package ifluatex Info: LuaTeX not detected.
)
Package etexcmds Info: Could not find \expanded.
(etexcmds)             That can mean that you are not using pdfTeX 1.50 or
(etexcmds)             that some package has redefined \expanded.
(etexcmds)             In the latter case, load this package earlier.
)))
(/usr/local/texlive/2016basic/texmf-dist/tex/generic/oberdiek/pdftexcmds.sty
Package: pdftexcmds 2016/05/10 v0.21 Utility functions of pdfTeX for LuaTeX (HO
)
Package pdftexcmds Info: LuaTeX not detected.
Package pdftexcmds Info: \pdf@primitive is available.
Package pdftexcmds Info: \pdf@ifprimitive is available.
Package pdftexcmds Info: \pdfdraftmode found.
)
Package grffile Info: Option `multidot' is set to `true'.
Package grffile Info: Option `extendedchars' is set to `false'.
Package grffile Info: Option `space' is set to `true'.
Package grffile Info: \Gin@ii of package `graphicx' fixed on input line 486.
)
(/usr/local/texlive/2016basic/texmf-dist/tex/latex/tools/longtable.sty
Package: longtable 2014/10/28 v4.11 Multi-page Table package (DPC)
\LTleft=\skip56
\LTright=\skip57
\LTpre=\skip58
\LTpost=\skip59
\LTchunksize=\count91
\LTcapwidth=\dimen106
\LT@head=\box28
\LT@firsthead=\box29
\LT@foot=\box30
\LT@lastfoot=\box31
\LT@cols=\count92
\LT@rows=\count93
\c@LT@tables=\count94
\c@LT@chunks=\count95
\LT@p@ftn=\toks20
)
Class scrbook Info: longtable captions redefined on input line 39.

(/usr/local/texlive/2016basic/texmf-dist/tex/latex/booktabs/booktabs.sty
Package: booktabs 2016/04/27 v1.618033 publication quality tables
\heavyrulewidth=\dimen107
\lightrulewidth=\dimen108
\cmidrulewidth=\dimen109
\belowrulesep=\dimen110
\belowbottomsep=\dimen111
\aboverulesep=\dimen112
\abovetopsep=\dimen113
\cmidrulesep=\dimen114
\cmidrulekern=\dimen115
\defaultaddspace=\dimen116
\@cmidla=\count96
\@cmidlb=\count97
\@aboverulesep=\dimen117
\@belowrulesep=\dimen118
\@thisruleclass=\count98
\@lastruleclass=\count99
\@thisrulewidth=\dimen119
)

Class scrbook Warning: Usage of package `fancyhdr' together
(scrbook)              with a KOMA-Script class is not recommended.
(scrbook)              I'd suggest to use 
(scrbook)              package `scrlayer-scrpage'.
(scrbook)              Nevertheless, using requested
(scrbook)              package `fancyhdr' on input line 45.

(/usr/local/texlive/2016basic/texmf-dist/tex/latex/fancyhdr/fancyhdr.sty
\fancy@headwidth=\skip60
\f@ncyO@elh=\skip61
\f@ncyO@erh=\skip62
\f@ncyO@olh=\skip63
\f@ncyO@orh=\skip64
\f@ncyO@elf=\skip65
\f@ncyO@erf=\skip66
\f@ncyO@olf=\skip67
\f@ncyO@orf=\skip68
)
(/usr/local/texlive/2016basic/texmf-dist/tex/latex/nomencl/nomencl.sty
Package: nomencl 2005/09/22 v4.2 Nomenclature package (LN)
\nomlabelwidth=\dimen120
\nom@tempdim=\dimen121
\nomitemsep=\skip69
)
\@nomenclaturefile=\write3
\openout3 = `selbstbericht.nlo'.


Writing nomenclature file selbstbericht.nlo
(/usr/local/texlive/2016basic/texmf-dist/tex/latex/germbib/bibgerm.sty
Package: bibgerm 2000/08/18 v0.1 Support for mixed language bibliographies

** Macros for german `BibTeX'ing added to Style Option `german' 20 Apr 1993 **
** idea and languages `german' and `USenglish' implemented by M. Wallmeier **
** Modified for LaTeX 2e and german.sty 2.5b by A. Scherer 1 Nov 1995 **
** Modified for ngerman.sty and babel.sty by H. Harders 21 August 2000 **)
(/usr/local/texlive/2016basic/texmf-dist/tex/latex/url/url.sty
\Urlmuskip=\muskip10
Package: url 2013/09/16  ver 3.4  Verb mode for urls, etc.
)
(/usr/local/texlive/2016basic/texmf-dist/tex/latex/setspace/setspace.sty
Package: setspace 2011/12/19 v6.7a set line spacing
)
(/usr/local/texlive/2016basic/texmf-dist/tex/generic/babel/babel.sty
Package: babel 2016/04/23 3.9r The Babel package

(/usr/local/texlive/2016basic/texmf-dist/tex/generic/babel-german/ngerman.ldf
Language: ngerman 2013/12/13 v2.7 German support for babel (new orthography)

(/usr/local/texlive/2016basic/texmf-dist/tex/generic/babel-german/ngermanb.ldf
Language: ngermanb 2013/12/13 v2.7 German support for babel (new orthography)

(/usr/local/texlive/2016basic/texmf-dist/tex/generic/babel/babel.def
File: babel.def 2016/04/23 3.9r Babel common definitions
\babel@savecnt=\count100
\U@D=\dimen122
))))
(/usr/local/texlive/2016basic/texmf-dist/tex/latex/csquotes/csquotes.sty
Package: csquotes 2017/02/03 v5.2a context-sensitive quotations (JAW)

(/usr/local/texlive/2016basic/texmf-dist/tex/latex/etoolbox/etoolbox.sty
Package: etoolbox 2015/08/02 v2.2a e-TeX tools for LaTeX (JAW)
\etb@tempcnta=\count101
)
\csq@reset=\count102
\csq@gtype=\count103
\csq@glevel=\count104
\csq@qlevel=\count105
\csq@maxlvl=\count106
\csq@tshold=\count107
\csq@ltx@everypar=\toks21

(/usr/local/texlive/2016basic/texmf-dist/tex/latex/csquotes/csquotes.def
File: csquotes.def 2017/02/03 v5.2a csquotes generic definitions (JAW)
)
Package csquotes Info: Trying to load configuration file 'csquotes.cfg'...
Package csquotes Info: ... configuration file loaded successfully.

(/usr/local/texlive/2016basic/texmf-dist/tex/latex/csquotes/csquotes.cfg
File: csquotes.cfg 
)
Package csquotes Info: Option 'babel' depreciated.
(csquotes)             Using 'autostyle'.
Package csquotes Info: Enabling multilingual quotes.
Package csquotes Info: Redefining alias 'german' -> 'german/quotes'.
)
(/usr/local/texlive/2016basic/texmf-dist/tex/latex/fancyvrb/fancyvrb.sty
Package: fancyvrb 2008/02/07

Style option: `fancyvrb' v2.7a, with DG/SPQR fixes, and firstline=lastline fix 
<2008/02/07> (tvz)
\FV@CodeLineNo=\count108
\FV@InFile=\read1
\FV@TabBox=\box32
\c@FancyVerbLine=\count109
\FV@StepNumber=\count110
\FV@OutFile=\write4
)
(/usr/local/texlive/2016basic/texmf-dist/tex/latex/tools/verbatim.sty
Package: verbatim 2014/10/28 v1.5q LaTeX2e package for verbatim enhancements
\every@verbatim=\toks22
\verbatim@line=\toks23
\verbatim@in@stream=\read2
)
(/usr/local/texlive/2016basic/texmf-dist/tex/latex/moreverb/moreverb.sty
Package: moreverb 2008/06/03 v2.3a `more' verbatim facilities
\tab@position=\count111
\tab@size=\count112
\listing@line=\count113
)
(/usr/local/texlive/2016basic/texmf-dist/tex/latex/listings/listings.sty
\lst@mode=\count114
\lst@gtempboxa=\box33
\lst@token=\toks24
\lst@length=\count115
\lst@currlwidth=\dimen123
\lst@column=\count116
\lst@pos=\count117
\lst@lostspace=\dimen124
\lst@width=\dimen125
\lst@newlines=\count118
\lst@lineno=\count119
\lst@maxwidth=\dimen126

(/usr/local/texlive/2016basic/texmf-dist/tex/latex/listings/lstmisc.sty
File: lstmisc.sty 2015/06/04 1.6 (Carsten Heinz)
\c@lstnumber=\count120
\lst@skipnumbers=\count121
\lst@framebox=\box34
)
(/usr/local/texlive/2016basic/texmf-dist/tex/latex/listings/listings.cfg
File: listings.cfg 2015/06/04 1.6 listings configuration
))
Package: listings 2015/06/04 1.6 (Carsten Heinz)

(/usr/local/texlive/2016basic/texmf-dist/tex/latex/float/float.sty
Package: float 2001/11/08 v1.3d Float enhancements (AL)
\c@float@type=\count122
\float@exts=\toks25
\float@box=\box35
\@float@everytoks=\toks26
\@floatcapt=\box36
)
(/usr/local/texlive/2016basic/texmf-dist/tex/latex/hyperref/hyperref.sty
Package: hyperref 2016/05/05 v6.83n Hypertext links for LaTeX

(/usr/local/texlive/2016basic/texmf-dist/tex/generic/oberdiek/hobsub-hyperref.s
ty
Package: hobsub-hyperref 2016/05/16 v1.14 Bundle oberdiek, subset hyperref (HO)


(/usr/local/texlive/2016basic/texmf-dist/tex/generic/oberdiek/hobsub-generic.st
y
Package: hobsub-generic 2016/05/16 v1.14 Bundle oberdiek, subset generic (HO)
Package: hobsub 2016/05/16 v1.14 Construct package bundles (HO)
Package hobsub Info: Skipping package `infwarerr' (already loaded).
Package hobsub Info: Skipping package `ltxcmds' (already loaded).
Package hobsub Info: Skipping package `ifluatex' (already loaded).
Package: ifvtex 2016/05/16 v1.6 Detect VTeX and its facilities (HO)
Package ifvtex Info: VTeX not detected.
Package: intcalc 2016/05/16 v1.2 Expandable calculations with integers (HO)
Package hobsub Info: Skipping package `ifpdf' (already loaded).
Package hobsub Info: Skipping package `etexcmds' (already loaded).
Package hobsub Info: Skipping package `kvsetkeys' (already loaded).
Package: kvdefinekeys 2016/05/16 v1.4 Define keys (HO)
Package hobsub Info: Skipping package `pdftexcmds' (already loaded).
Package: pdfescape 2016/05/16 v1.14 Implements pdfTeX's escape features (HO)
Package: bigintcalc 2016/05/16 v1.4 Expandable calculations on big integers (HO
)
Package: bitset 2016/05/16 v1.2 Handle bit-vector datatype (HO)
Package: uniquecounter 2016/05/16 v1.3 Provide unlimited unique counter (HO)
)
Package hobsub Info: Skipping package `hobsub' (already loaded).
Package: letltxmacro 2016/05/16 v1.5 Let assignment for LaTeX macros (HO)
Package: hopatch 2016/05/16 v1.3 Wrapper for package hooks (HO)
Package: xcolor-patch 2016/05/16 xcolor patch
Package: atveryend 2016/05/16 v1.9 Hooks at the very end of document (HO)
Package: atbegshi 2016/05/16 v1.17 At begin shipout hook (HO)
Package: refcount 2016/05/16 v3.5 Data extraction from label references (HO)
Package: hycolor 2016/05/16 v1.8 Color options for hyperref/bookmark (HO)
) (/usr/local/texlive/2016basic/texmf-dist/tex/latex/oberdiek/auxhook.sty
Package: auxhook 2016/05/16 v1.4 Hooks for auxiliary files (HO)
)
\@linkdim=\dimen127
\Hy@linkcounter=\count123
\Hy@pagecounter=\count124

(/usr/local/texlive/2016basic/texmf-dist/tex/latex/hyperref/pd1enc.def
File: pd1enc.def 2016/05/05 v6.83n Hyperref: PDFDocEncoding definition (HO)
)
\Hy@SavedSpaceFactor=\count125

(/usr/local/texlive/2016basic/texmf-dist/tex/latex/latexconfig/hyperref.cfg
File: hyperref.cfg 2002/06/06 v1.2 hyperref configuration of TeXLive
)
Package hyperref Info: Option `plainpages' set `false' on input line 4322.
Package hyperref Info: Option `pdfpagelabels' set `true' on input line 4322.


Package hyperref Warning: Token not allowed in a PDF string (PDFDocEncoding):
(hyperref)                removing `\begingroup' on input line 4322.


Package hyperref Warning: Token not allowed in a PDF string (PDFDocEncoding):
(hyperref)                removing `\<let>-command' on input line 4322.


Package hyperref Warning: Token not allowed in a PDF string (PDFDocEncoding):
(hyperref)                removing `\endgroup' on input line 4322.


Package hyperref Warning: Token not allowed in a PDF string (PDFDocEncoding):
(hyperref)                removing `\begingroup' on input line 4322.


Package hyperref Warning: Token not allowed in a PDF string (PDFDocEncoding):
(hyperref)                removing `\<let>-command' on input line 4322.


Package hyperref Warning: Token not allowed in a PDF string (PDFDocEncoding):
(hyperref)                removing `\endgroup' on input line 4322.

Package hyperref Info: Hyper figures OFF on input line 4446.
Package hyperref Info: Link nesting OFF on input line 4451.
Package hyperref Info: Hyper index ON on input line 4454.
Package hyperref Info: Plain pages OFF on input line 4461.
Package hyperref Info: Backreferencing OFF on input line 4466.
Package hyperref Info: Implicit mode ON; LaTeX internals redefined.
Package hyperref Info: Bookmarks ON on input line 4691.
\c@Hy@tempcnt=\count126
LaTeX Info: Redefining \url on input line 5044.
\XeTeXLinkMargin=\dimen128
\Fld@menulength=\count127
\Field@Width=\dimen129
\Fld@charsize=\dimen130
Package hyperref Info: Hyper figures OFF on input line 6298.
Package hyperref Info: Link nesting OFF on input line 6303.
Package hyperref Info: Hyper index ON on input line 6306.
Package hyperref Info: backreferencing OFF on input line 6313.
Package hyperref Info: Link coloring OFF on input line 6318.
Package hyperref Info: Link coloring with OCG OFF on input line 6323.
Package hyperref Info: PDF/A mode OFF on input line 6328.
LaTeX Info: Redefining \ref on input line 6368.
LaTeX Info: Redefining \pageref on input line 6372.
\Hy@abspage=\count128
\c@Item=\count129
\c@Hfootnote=\count130
)

Package hyperref Message: Driver: hpdftex.

(/usr/local/texlive/2016basic/texmf-dist/tex/latex/hyperref/hpdftex.def
File: hpdftex.def 2016/05/05 v6.83n Hyperref driver for pdfTeX
\Fld@listcount=\count131
\c@bookmark@seq@number=\count132

(/usr/local/texlive/2016basic/texmf-dist/tex/latex/oberdiek/rerunfilecheck.sty
Package: rerunfilecheck 2016/05/16 v1.8 Rerun checks for auxiliary files (HO)
Package uniquecounter Info: New unique counter `rerunfilecheck' on input line 2
82.
)
\Hy@SectionHShift=\skip70
) (/usr/local/texlive/2016basic/texmf-dist/tex/latex/pdfpages/pdfpages.sty
Package: pdfpages 2016/04/19 v0.5f Insert pages of external PDF documents (AM)

(/usr/local/texlive/2016basic/texmf-dist/tex/latex/base/ifthen.sty
Package: ifthen 2014/09/29 v1.1c Standard LaTeX ifthen package (DPC)
)
(/usr/local/texlive/2016basic/texmf-dist/tex/latex/tools/calc.sty
Package: calc 2014/10/28 v4.3 Infix arithmetic (KKT,FJ)
\calc@Acount=\count133
\calc@Bcount=\count134
\calc@Adimen=\dimen131
\calc@Bdimen=\dimen132
\calc@Askip=\skip71
\calc@Bskip=\skip72
LaTeX Info: Redefining \setlength on input line 80.
LaTeX Info: Redefining \addtolength on input line 81.
\calc@Ccount=\count135
\calc@Cskip=\skip73
)
(/usr/local/texlive/2016basic/texmf-dist/tex/latex/eso-pic/eso-pic.sty
Package: eso-pic 2015/07/21 v2.0g eso-pic (RN)
)
\AM@pagewidth=\dimen133
\AM@pageheight=\dimen134

(/usr/local/texlive/2016basic/texmf-dist/tex/latex/pdfpages/pppdftex.def
File: pppdftex.def 2016/04/19 v0.5f Pdfpages driver for pdfTeX (AM)
)
\AM@pagebox=\box37
\AM@global@opts=\toks27
\AM@toc@title=\toks28
\c@AM@survey=\count136
\AM@templatesizebox=\box38
)
(/usr/local/texlive/2016basic/texmf-dist/tex/latex/tools/tabularx.sty
Package: tabularx 2016/02/03 v2.11 `tabularx' package (DPC)

(/usr/local/texlive/2016basic/texmf-dist/tex/latex/tools/array.sty
Package: array 2014/10/28 v2.4c Tabular extension package (FMi)
\col@sep=\dimen135
\extrarowheight=\dimen136
\NC@list=\toks29
\extratabsurround=\skip74
\backup@length=\skip75
)
\TX@col@width=\dimen137
\TX@old@table=\dimen138
\TX@old@col=\dimen139
\TX@target=\dimen140
\TX@delta=\dimen141
\TX@cols=\count137
\TX@ftn=\toks30
)
(/usr/local/texlive/2016basic/texmf-dist/tex/latex/base/textcomp.sty
Package: textcomp 2005/09/27 v1.99g Standard LaTeX package
Package textcomp Info: Sub-encoding information:
(textcomp)               5 = only ISO-Adobe without \textcurrency
(textcomp)               4 = 5 + \texteuro
(textcomp)               3 = 4 + \textohm
(textcomp)               2 = 3 + \textestimated + \textcurrency
(textcomp)               1 = TS1 - \textcircled - \t
(textcomp)               0 = TS1 (full)
(textcomp)             Font families with sub-encoding setting implement
(textcomp)             only a restricted character set as indicated.
(textcomp)             Family '?' is the default used for unknown fonts.
(textcomp)             See the documentation for details.
Package textcomp Info: Setting ? sub-encoding to TS1/1 on input line 79.

(/usr/local/texlive/2016basic/texmf-dist/tex/latex/base/ts1enc.def
File: ts1enc.def 2001/06/05 v3.0e (jk/car/fm) Standard LaTeX file
)
LaTeX Info: Redefining \oldstylenums on input line 334.
Package textcomp Info: Setting cmr sub-encoding to TS1/0 on input line 349.
Package textcomp Info: Setting cmss sub-encoding to TS1/0 on input line 350.
Package textcomp Info: Setting cmtt sub-encoding to TS1/0 on input line 351.
Package textcomp Info: Setting cmvtt sub-encoding to TS1/0 on input line 352.
Package textcomp Info: Setting cmbr sub-encoding to TS1/0 on input line 353.
Package textcomp Info: Setting cmtl sub-encoding to TS1/0 on input line 354.
Package textcomp Info: Setting ccr sub-encoding to TS1/0 on input line 355.
Package textcomp Info: Setting ptm sub-encoding to TS1/4 on input line 356.
Package textcomp Info: Setting pcr sub-encoding to TS1/4 on input line 357.
Package textcomp Info: Setting phv sub-encoding to TS1/4 on input line 358.
Package textcomp Info: Setting ppl sub-encoding to TS1/3 on input line 359.
Package textcomp Info: Setting pag sub-encoding to TS1/4 on input line 360.
Package textcomp Info: Setting pbk sub-encoding to TS1/4 on input line 361.
Package textcomp Info: Setting pnc sub-encoding to TS1/4 on input line 362.
Package textcomp Info: Setting pzc sub-encoding to TS1/4 on input line 363.
Package textcomp Info: Setting bch sub-encoding to TS1/4 on input line 364.
Package textcomp Info: Setting put sub-encoding to TS1/5 on input line 365.
Package textcomp Info: Setting uag sub-encoding to TS1/5 on input line 366.
Package textcomp Info: Setting ugq sub-encoding to TS1/5 on input line 367.
Package textcomp Info: Setting ul8 sub-encoding to TS1/4 on input line 368.
Package textcomp Info: Setting ul9 sub-encoding to TS1/4 on input line 369.
Package textcomp Info: Setting augie sub-encoding to TS1/5 on input line 370.
Package textcomp Info: Setting dayrom sub-encoding to TS1/3 on input line 371.
Package textcomp Info: Setting dayroms sub-encoding to TS1/3 on input line 372.

Package textcomp Info: Setting pxr sub-encoding to TS1/0 on input line 373.
Package textcomp Info: Setting pxss sub-encoding to TS1/0 on input line 374.
Package textcomp Info: Setting pxtt sub-encoding to TS1/0 on input line 375.
Package textcomp Info: Setting txr sub-encoding to TS1/0 on input line 376.
Package textcomp Info: Setting txss sub-encoding to TS1/0 on input line 377.
Package textcomp Info: Setting txtt sub-encoding to TS1/0 on input line 378.
Package textcomp Info: Setting lmr sub-encoding to TS1/0 on input line 379.
Package textcomp Info: Setting lmdh sub-encoding to TS1/0 on input line 380.
Package textcomp Info: Setting lmss sub-encoding to TS1/0 on input line 381.
Package textcomp Info: Setting lmssq sub-encoding to TS1/0 on input line 382.
Package textcomp Info: Setting lmvtt sub-encoding to TS1/0 on input line 383.
Package textcomp Info: Setting lmtt sub-encoding to TS1/0 on input line 384.
Package textcomp Info: Setting qhv sub-encoding to TS1/0 on input line 385.
Package textcomp Info: Setting qag sub-encoding to TS1/0 on input line 386.
Package textcomp Info: Setting qbk sub-encoding to TS1/0 on input line 387.
Package textcomp Info: Setting qcr sub-encoding to TS1/0 on input line 388.
Package textcomp Info: Setting qcs sub-encoding to TS1/0 on input line 389.
Package textcomp Info: Setting qpl sub-encoding to TS1/0 on input line 390.
Package textcomp Info: Setting qtm sub-encoding to TS1/0 on input line 391.
Package textcomp Info: Setting qzc sub-encoding to TS1/0 on input line 392.
Package textcomp Info: Setting qhvc sub-encoding to TS1/0 on input line 393.
Package textcomp Info: Setting futs sub-encoding to TS1/4 on input line 394.
Package textcomp Info: Setting futx sub-encoding to TS1/4 on input line 395.
Package textcomp Info: Setting futj sub-encoding to TS1/4 on input line 396.
Package textcomp Info: Setting hlh sub-encoding to TS1/3 on input line 397.
Package textcomp Info: Setting hls sub-encoding to TS1/3 on input line 398.
Package textcomp Info: Setting hlst sub-encoding to TS1/3 on input line 399.
Package textcomp Info: Setting hlct sub-encoding to TS1/5 on input line 400.
Package textcomp Info: Setting hlx sub-encoding to TS1/5 on input line 401.
Package textcomp Info: Setting hlce sub-encoding to TS1/5 on input line 402.
Package textcomp Info: Setting hlcn sub-encoding to TS1/5 on input line 403.
Package textcomp Info: Setting hlcw sub-encoding to TS1/5 on input line 404.
Package textcomp Info: Setting hlcf sub-encoding to TS1/5 on input line 405.
Package textcomp Info: Setting pplx sub-encoding to TS1/3 on input line 406.
Package textcomp Info: Setting pplj sub-encoding to TS1/3 on input line 407.
Package textcomp Info: Setting ptmx sub-encoding to TS1/4 on input line 408.
Package textcomp Info: Setting ptmj sub-encoding to TS1/4 on input line 409.
)
(/usr/local/texlive/2016basic/texmf-dist/tex/latex/eurosym/eurosym.sty
Package: eurosym 1998/08/06 v1.1 European currency symbol ``Euro''
\@eurobox=\box39
)
(/usr/local/texlive/2016basic/texmf-dist/tex/latex/roboto/roboto.sty
Package: roboto 2015/09/15 (Bob Tennent) Supports Roboto fonts for all LaTeX en
gines.

(/usr/local/texlive/2016basic/texmf-dist/tex/latex/xkeyval/xkeyval.sty
Package: xkeyval 2014/12/03 v2.7a package option processing (HA)

(/usr/local/texlive/2016basic/texmf-dist/tex/generic/xkeyval/xkeyval.tex
(/usr/local/texlive/2016basic/texmf-dist/tex/generic/xkeyval/xkvutils.tex
\XKV@toks=\toks31
\XKV@tempa@toks=\toks32
)
\XKV@depth=\count138
File: xkeyval.tex 2014/12/03 v2.7a key=value parser (HA)
))
(/usr/local/texlive/2016basic/texmf-dist/tex/latex/base/fontenc.sty
Package: fontenc 2005/09/27 v1.99g Standard LaTeX package
)
(/usr/local/texlive/2016basic/texmf-dist/tex/latex/fontaxes/fontaxes.sty
Package: fontaxes 2014/03/23 v1.0d Font selection axes
LaTeX Info: Redefining \upshape on input line 29.
LaTeX Info: Redefining \itshape on input line 31.
LaTeX Info: Redefining \slshape on input line 33.
LaTeX Info: Redefining \scshape on input line 37.
)
(/usr/local/texlive/2016basic/texmf-dist/tex/latex/mweights/mweights.sty
Package: mweights 2016/12/09 (Bob Tennent) Support package for multiple-weight 
font packages. 
LaTeX Info: Redefining \bfseries on input line 21.
LaTeX Info: Redefining \mdseries on input line 29.
LaTeX Info: Redefining \rmfamily on input line 37.
LaTeX Info: Redefining \sffamily on input line 56.
LaTeX Info: Redefining \ttfamily on input line 75.
)
LaTeX Info: Redefining \oldstylenums on input line 188.
)

Class scrbook Warning: Usage of package `titlesec' together
(scrbook)              with a KOMA-Script class is not recommended.
(scrbook)              I'd suggest to use the package only
(scrbook)              if you really need it, because it breaks several
(scrbook)              KOMA-Script features, i.e., option `headings' and
(scrbook)              the extended optional argument of the section
(scrbook)              commands.
(scrbook)              Nevertheless, using requested
(scrbook)              package `titlesec' on input line 163.

(/usr/local/texlive/2016basic/texmf-dist/tex/latex/titlesec/titlesec.sty
Package: titlesec 2016/03/21 v2.10.2 Sectioning titles
\ttl@box=\box40
\beforetitleunit=\skip76
\aftertitleunit=\skip77
\ttl@plus=\dimen142
\ttl@minus=\dimen143
\ttl@toksa=\toks33
\titlewidth=\dimen144
\titlewidthlast=\dimen145
\titlewidthfirst=\dimen146


Package titlesec Warning: Non standard sectioning command detected
(titlesec)                Using default spacing and no format.


Package titlesec Warning: Non standard sectioning command detected
(titlesec)                Using default spacing and no format.


Package titlesec Warning: Non standard sectioning command detected
(titlesec)                Using default spacing and no format.


Package titlesec Warning: Non standard sectioning command detected
(titlesec)                Using default spacing and no format.


Package titlesec Warning: Non standard sectioning command detected
(titlesec)                Using default spacing and no format.

)

Package scrbook Warning: Activating an ugly workaround for a missing
(scrbook)                feature of package `titlesec` on input line 163.

(/usr/local/texlive/2016basic/texmf-dist/tex/latex/base/fontenc.sty
Package: fontenc 2005/09/27 v1.99g Standard LaTeX package

(/usr/local/texlive/2016basic/texmf-dist/tex/latex/base/t1enc.def
File: t1enc.def 2005/09/27 v1.99g Standard LaTeX file
LaTeX Font Info:    Redeclaring font encoding T1 on input line 48.
))
(/usr/local/texlive/2016basic/texmf-dist/tex/latex/caption/caption.sty
Package: caption 2016/02/21 v3.3-144 Customizing captions (AR)

(/usr/local/texlive/2016basic/texmf-dist/tex/latex/caption/caption3.sty
Package: caption3 2016/02/04 v1.7-139 caption3 kernel (AR)
Package caption3 Info: TeX engine: e-TeX on input line 67.
\captionmargin=\dimen147
\captionmargin@=\dimen148
\captionwidth=\dimen149
\caption@tempdima=\dimen150
\caption@indent=\dimen151
\caption@parindent=\dimen152
\caption@hangindent=\dimen153
)
Package caption Info: KOMA-Script document class.
\c@ContinuedFloat=\count139
Package caption Info: float package is loaded.
Package caption Info: hyperref package is loaded.
Package caption Info: listings package is loaded.
Package caption Info: longtable package is loaded.

(/usr/local/texlive/2016basic/texmf-dist/tex/latex/caption/ltcaption.sty
Package: ltcaption 2013/06/09 v1.4-94 longtable captions (AR)
))
Package csquotes Info: Checking for multilingual support...
Package csquotes Info: ... found 'babel' package.

(./selbstbericht.aux (./content.aux))
\openout1 = `selbstbericht.aux'.

LaTeX Font Info:    Checking defaults for OML/cmm/m/it on input line 190.
LaTeX Font Info:    ... okay on input line 190.
LaTeX Font Info:    Checking defaults for T1/cmr/m/n on input line 190.
LaTeX Font Info:    ... okay on input line 190.
LaTeX Font Info:    Checking defaults for OT1/cmr/m/n on input line 190.
LaTeX Font Info:    ... okay on input line 190.
LaTeX Font Info:    Checking defaults for OMS/cmsy/m/n on input line 190.
LaTeX Font Info:    ... okay on input line 190.
LaTeX Font Info:    Checking defaults for OMX/cmex/m/n on input line 190.
LaTeX Font Info:    ... okay on input line 190.
LaTeX Font Info:    Checking defaults for U/cmr/m/n on input line 190.
LaTeX Font Info:    ... okay on input line 190.
LaTeX Font Info:    Checking defaults for PD1/pdf/m/n on input line 190.
LaTeX Font Info:    ... okay on input line 190.
LaTeX Font Info:    Checking defaults for TS1/cmr/m/n on input line 190.
LaTeX Font Info:    Try loading font information for TS1+cmr on input line 190.


(/usr/local/texlive/2016basic/texmf-dist/tex/latex/base/ts1cmr.fd
File: ts1cmr.fd 2014/09/29 v2.5h Standard LaTeX font definitions
)
LaTeX Font Info:    ... okay on input line 190.
LaTeX Font Info:    Try loading font information for T1+Roboto-LF on input line
 190.

(/usr/local/texlive/2016basic/texmf-dist/tex/latex/roboto/T1Roboto-LF.fd
File: T1Roboto-LF.fd 2015/09/15 (autoinst) Font definitions for T1/Roboto-LF.
)
LaTeX Font Info:    Font shape `T1/Roboto-LF/l/n' will be
(Font)              scaled to size 10.0pt on input line 190.

(/usr/local/texlive/2016basic/texmf-dist/tex/context/base/mkii/supp-pdf.mkii
[Loading MPS to PDF converter (version 2006.09.02).]
\scratchcounter=\count140
\scratchdimen=\dimen154
\scratchbox=\box41
\nofMPsegments=\count141
\nofMParguments=\count142
\everyMPshowfont=\toks34
\MPscratchCnt=\count143
\MPscratchDim=\dimen155
\MPnumerator=\count144
\makeMPintoPDFobject=\count145
\everyMPtoPDFconversion=\toks35
) (/usr/local/texlive/2016basic/texmf-dist/tex/latex/ucs/ucsencs.def
File: ucsencs.def 2011/01/21 Fixes to fontencodings LGR, T3
)
(/usr/local/texlive/2016basic/texmf-dist/tex/latex/oberdiek/epstopdf-base.sty
Package: epstopdf-base 2016/05/15 v2.6 Base part for package epstopdf

(/usr/local/texlive/2016basic/texmf-dist/tex/latex/oberdiek/grfext.sty
Package: grfext 2016/05/16 v1.2 Manage graphics extensions (HO)
)
Package grfext Info: Graphics extension search list:
(grfext)             [.png,.pdf,.jpg,.mps,.jpeg,.jbig2,.jb2,.PNG,.PDF,.JPG,.JPE
G,.JBIG2,.JB2,.eps]
(grfext)             \AppendGraphicsExtensions on input line 456.

(/usr/local/texlive/2016basic/texmf-dist/tex/latex/latexconfig/epstopdf-sys.cfg
File: epstopdf-sys.cfg 2010/07/13 v1.3 Configuration of (r)epstopdf for TeX Liv
e
))

bibgerm.sty: (n)german.sty 2.5b detected

\c@lstlisting=\count146
\AtBeginShipoutBox=\box42
Package hyperref Info: Link coloring OFF on input line 190.
(/usr/local/texlive/2016basic/texmf-dist/tex/latex/hyperref/nameref.sty
Package: nameref 2012/10/27 v2.43 Cross-referencing by name of section

(/usr/local/texlive/2016basic/texmf-dist/tex/generic/oberdiek/gettitlestring.st
y
Package: gettitlestring 2016/05/16 v1.5 Cleanup title references (HO)
)
\c@section@level=\count147
)
LaTeX Info: Redefining \ref on input line 190.
LaTeX Info: Redefining \pageref on input line 190.
LaTeX Info: Redefining \nameref on input line 190.
 (./selbstbericht.out) (./selbstbericht.out)
\@outlinefile=\write5
\openout5 = `selbstbericht.out'.


(/usr/local/texlive/2016basic/texmf-dist/tex/latex/oberdiek/pdflscape.sty
Package: pdflscape 2016/05/14 v0.11 Display of landscape pages in PDF (HO)

(/usr/local/texlive/2016basic/texmf-dist/tex/latex/graphics/lscape.sty
Package: lscape 2000/10/22 v3.01 Landscape Pages (DPC)
)
Package pdflscape Info: Auto-detected driver: pdftex on input line 81.
)
\c@mv@tabular=\count148
\c@mv@boldtabular=\count149
Package caption Info: Begin \AtBeginDocument code.
Package caption Info: End \AtBeginDocument code.
\openout2 = `content.aux'.


(./content.tex
chapter 1.

Class scrbook Warning: \float@addtolists detected!
(scrbook)              Implementation of \float@addtolist became
(scrbook)              deprecated in KOMA-Script v3.01 2008/11/14 and
(scrbook)              has been replaced by several more flexible
(scrbook)              features of package `tocbasic`.
(scrbook)              Since Version 3.12 support for deprecated
(scrbook)              \float@addtolist interface has been
(scrbook)              restricted to only some of the KOMA-Script
(scrbook)              features and been removed from others.
(scrbook)              Loading of package `scrhack' may help to
(scrbook)              avoid this warning, if you are using a
(scrbook)              a package that still implements the
(scrbook)              deprecated \float@addtolist interface .

LaTeX Font Info:    Font shape `T1/Roboto-LF/l/n' will be
(Font)              scaled to size 20.74pt on input line 1.
LaTeX Font Info:    Font shape `T1/Roboto-LF/l/n' will be
(Font)              scaled to size 14.4pt on input line 4.
(/usr/local/texlive/2016basic/texmf-dist/tex/latex/ucs/data/uni-0.def
File: uni-0.def 2013/05/13 UCS: Unicode data U+0000..U+00FF
)
LaTeX Font Info:    Font shape `T1/Roboto-LF/b/n' will be
(Font)              scaled to size 10.0pt on input line 6.
LaTeX Font Info:    Font shape `T1/Roboto-LF/b/n' will be
(Font)              scaled to size 12.0pt on input line 6.

(/usr/local/texlive/2016basic/texmf-dist/tex/latex/ucs/data/uni-32.def
File: uni-32.def 2013/05/13 UCS: Unicode data U+2000..U+20FF
)
LaTeX Font Info:    External font `cmex10' loaded for size
(Font)              <7> on input line 35.
LaTeX Font Info:    External font `cmex10' loaded for size
(Font)              <5> on input line 35.
LaTeX Font Info:    Font shape `T1/Roboto-LF/l/n' will be
(Font)              scaled to size 7.0pt on input line 35.
LaTeX Font Info:    Font shape `T1/Roboto-LF/l/n' will be
(Font)              scaled to size 8.0pt on input line 35.
LaTeX Font Info:    External font `cmex10' loaded for size
(Font)              <8> on input line 35.
LaTeX Font Info:    External font `cmex10' loaded for size
(Font)              <6> on input line 35.
LaTeX Font Info:    Font shape `T1/Roboto-LF/l/n' will be
(Font)              scaled to size 6.0pt on input line 35.

<../assets/box.pdf, id=275, 598.86235pt x 493.1233pt>
File: ../assets/box.pdf Graphic file (type pdf)
 <use ../assets/box.pdf>
Package pdftex.def Info: ../assets/box.pdf used on input line 42.
(pdftex.def)             Requested size: 24.28851pt x 20.0pt.


Package Fancyhdr Warning: \headheight is too small (15.0pt): 
 Make it at least 32.0pt.
 We now make it that large for the rest of the document.
 This may cause the page layout to be inconsistent, however.

LaTeX Font Info:    Font shape `T1/Roboto-LF/l/n' will be
(Font)              scaled to size 9.0pt on input line 42.
[1





{/usr/local/texlive/2016basic/texmf-var/fonts/map/pdftex/updmap/pdftex.map} <..
/assets/box.pdf>]
Overfull \hbox (9.07843pt too wide) in paragraph at lines 88--95
[]\T1/Roboto-LF/l/n/10 Klimawandel, knap-pe Res-sour-cen, Si-cher-heit und de-m
o-gra-phi-scher Wan-del sind ei-ni-ge der groÿen
 []

File: ../assets/box.pdf Graphic file (type pdf)
<use ../assets/box.pdf>
Package pdftex.def Info: ../assets/box.pdf used on input line 96.
(pdftex.def)             Requested size: 24.28851pt x 20.0pt.


Package Fancyhdr Warning: \headheight is too small (15.0pt): 
 Make it at least 32.0pt.
 We now make it that large for the rest of the document.
 This may cause the page layout to be inconsistent, however.

[2]
LaTeX Font Info:    Try loading font information for T1+cmtt on input line 128.

 (/usr/local/texlive/2016basic/texmf-dist/tex/latex/base/t1cmtt.fd
File: t1cmtt.fd 2014/09/29 v2.5h Standard LaTeX font definitions
)
Overfull \hbox (12.00002pt too wide) in alignment at lines 141--149
 [] [] 
 []


Overfull \hbox (12.00002pt too wide) in alignment at lines 149--191
 [] [] 
 []

File: ../assets/box.pdf Graphic file (type pdf)
<use ../assets/box.pdf>
Package pdftex.def Info: ../assets/box.pdf used on input line 191.
(pdftex.def)             Requested size: 24.28851pt x 20.0pt.


Package Fancyhdr Warning: \headheight is too small (15.0pt): 
 Make it at least 32.0pt.
 We now make it that large for the rest of the document.
 This may cause the page layout to be inconsistent, however.

[3]
File: ../assets/box.pdf Graphic file (type pdf)
 <use ../assets/box.pdf>
Package pdftex.def Info: ../assets/box.pdf used on input line 202.
(pdftex.def)             Requested size: 24.28851pt x 20.0pt.


Package Fancyhdr Warning: \headheight is too small (15.0pt): 
 Make it at least 32.0pt.
 We now make it that large for the rest of the document.
 This may cause the page layout to be inconsistent, however.

[4]
chapter 2.
LaTeX Font Info:    Try loading font information for TS1+Roboto-LF on input lin
e 232.
(/usr/local/texlive/2016basic/texmf-dist/tex/latex/roboto/TS1Roboto-LF.fd
File: TS1Roboto-LF.fd 2015/09/15 (autoinst) Font definitions for TS1/Roboto-LF.

)
LaTeX Font Info:    Font shape `TS1/Roboto-LF/l/n' will be
(Font)              scaled to size 10.0pt on input line 232.
File: ../assets/box.pdf Graphic file (type pdf)

<use ../assets/box.pdf>
Package pdftex.def Info: ../assets/box.pdf used on input line 257.
(pdftex.def)             Requested size: 24.28851pt x 20.0pt.


Package Fancyhdr Warning: \headheight is too small (15.0pt): 
 Make it at least 32.0pt.
 We now make it that large for the rest of the document.
 This may cause the page layout to be inconsistent, however.

[5


]
Overfull \hbox (10.75958pt too wide) in paragraph at lines 302--307
\T1/Roboto-LF/l/n/10 den vom Fa-kul-täts-rat der Fa-kul-tät für In-for-ma-tik u
nd In-ge-nieur-wis-sen-schaf-ten am 10.11.2010
 []

File: ../assets/box.pdf Graphic file (type pdf)
<use ../assets/box.pdf>
Package pdftex.def Info: ../assets/box.pdf used on input line 322.
(pdftex.def)             Requested size: 24.28851pt x 20.0pt.


Package Fancyhdr Warning: \headheight is too small (15.0pt): 
 Make it at least 32.0pt.
 We now make it that large for the rest of the document.
 This may cause the page layout to be inconsistent, however.

[6]
File: ../assets/box.pdf Graphic file (type pdf)
 <use ../assets/box.pdf>
Package pdftex.def Info: ../assets/box.pdf used on input line 375.
(pdftex.def)             Requested size: 24.28851pt x 20.0pt.


Package Fancyhdr Warning: \headheight is too small (15.0pt): 
 Make it at least 32.0pt.
 We now make it that large for the rest of the document.
 This may cause the page layout to be inconsistent, however.

[7]
Overfull \hbox (0.64655pt too wide) in paragraph at lines 375--378
[]\T1/Roboto-LF/l/n/10 Studentische Rück-mel-dun-gen aus den, im Rah-men des Me
-dien-in-for-ma-tik Show-ca-se statt-
 []

File: ../assets/box.pdf Graphic file (type pdf)
<use ../assets/box.pdf>
Package pdftex.def Info: ../assets/box.pdf used on input line 455.
(pdftex.def)             Requested size: 24.28851pt x 20.0pt.


Package Fancyhdr Warning: \headheight is too small (15.0pt): 
 Make it at least 32.0pt.
 We now make it that large for the rest of the document.
 This may cause the page layout to be inconsistent, however.

[8]
Overfull \hbox (5.14511pt too wide) in paragraph at lines 485--492
[] []\T1/Roboto-LF/b/n/10 Show-ca-se[] \T1/Roboto-LF/l/n/10 Das jähr-lich durch
-ge-führ-te Medieninformatik-Showcase dient zur Stär-kung der Iden-
 []

File: ../assets/box.pdf Graphic file (type pdf)
<use ../assets/box.pdf>
Package pdftex.def Info: ../assets/box.pdf used on input line 501.
(pdftex.def)             Requested size: 24.28851pt x 20.0pt.


Package Fancyhdr Warning: \headheight is too small (15.0pt): 
 Make it at least 32.0pt.
 We now make it that large for the rest of the document.
 This may cause the page layout to be inconsistent, however.

[9]
File: ../assets/box.pdf Graphic file (type pdf)
 <use ../assets/box.pdf>
Package pdftex.def Info: ../assets/box.pdf used on input line 560.
(pdftex.def)             Requested size: 24.28851pt x 20.0pt.


Package Fancyhdr Warning: \headheight is too small (15.0pt): 
 Make it at least 32.0pt.
 We now make it that large for the rest of the document.
 This may cause the page layout to be inconsistent, however.

[10]
Overfull \hbox (0.2275pt too wide) in paragraph at lines 593--598
[]\T1/Roboto-LF/l/n/10 Im Mas-ter-stu-di-um wirkt die sich die, im Rah-men der 
Re-ak-kre-di-tie-rung weg-ge-fal-le-ne Zu-las-sungs-
 []

File: ../assets/box.pdf Graphic file (type pdf)
<use ../assets/box.pdf>
Package pdftex.def Info: ../assets/box.pdf used on input line 620.
(pdftex.def)             Requested size: 24.28851pt x 20.0pt.


Package Fancyhdr Warning: \headheight is too small (15.0pt): 
 Make it at least 32.0pt.
 We now make it that large for the rest of the document.
 This may cause the page layout to be inconsistent, however.

[11]
File: ../assets/box.pdf Graphic file (type pdf)
 <use ../assets/box.pdf>
Package pdftex.def Info: ../assets/box.pdf used on input line 676.
(pdftex.def)             Requested size: 24.28851pt x 20.0pt.


Package Fancyhdr Warning: \headheight is too small (15.0pt): 
 Make it at least 32.0pt.
 We now make it that large for the rest of the document.
 This may cause the page layout to be inconsistent, however.

[12]
Overfull \hbox (435.3239pt too wide) in paragraph at lines 697--697
[]\T1/cmtt/m/n/10 cn: Nachfrage nach Vertiefungsmöglichkeiten müsste man vielle
icht noch mal anmoderieren/ stärken. Ggf sollte man alle erkennten Schwächen no
ch mal kurz erklären.[] 
 []

File: ../assets/box.pdf Graphic file (type pdf)
<use ../assets/box.pdf>
Package pdftex.def Info: ../assets/box.pdf used on input line 748.
(pdftex.def)             Requested size: 24.28851pt x 20.0pt.


Package Fancyhdr Warning: \headheight is too small (15.0pt): 
 Make it at least 32.0pt.
 We now make it that large for the rest of the document.
 This may cause the page layout to be inconsistent, however.

[13]
File: ../assets/box.pdf Graphic file (type pdf)
 <use ../assets/box.pdf>
Package pdftex.def Info: ../assets/box.pdf used on input line 824.
(pdftex.def)             Requested size: 24.28851pt x 20.0pt.


Package Fancyhdr Warning: \headheight is too small (15.0pt): 
 Make it at least 32.0pt.
 We now make it that large for the rest of the document.
 This may cause the page layout to be inconsistent, however.

[14]
Overfull \hbox (5.11256pt too wide) in paragraph at lines 828--832
\T1/Roboto-LF/l/n/10 Aspek-te der In-for-ma-tik und der Me-dien-spar-te: Web-de
-sign, Video-Grafikbearbeitung-Design. 
 []

File: ../assets/box.pdf Graphic file (type pdf)
<use ../assets/box.pdf>
Package pdftex.def Info: ../assets/box.pdf used on input line 895.
(pdftex.def)             Requested size: 24.28851pt x 20.0pt.


Package Fancyhdr Warning: \headheight is too small (15.0pt): 
 Make it at least 32.0pt.
 We now make it that large for the rest of the document.
 This may cause the page layout to be inconsistent, however.

[15]
Overfull \hbox (209.62901pt too wide) in paragraph at lines 927--927
[]\T1/cmtt/m/n/10 cn: Studycheck Ergebnisse mussten noch überprüft und zusammen
gefasst werden, ggf. insights von Julian noch verarbeiten[] 
 []


Overfull \hbox (424.82646pt too wide) in paragraph at lines 934--934
[]    \T1/cmtt/m/n/10 Comment: Schon gar nicht schlecht, ein paar Schlussfolger
ungen, Anhänge und Belege fehlen (siehe Kommentare), Stärken fehlen und Referen
z auf Studycheck.de[] 
 []

File: ../assets/box.pdf Graphic file (type pdf)
<use ../assets/box.pdf>
Package pdftex.def Info: ../assets/box.pdf used on input line 939.
(pdftex.def)             Requested size: 24.28851pt x 20.0pt.


Package Fancyhdr Warning: \headheight is too small (15.0pt): 
 Make it at least 32.0pt.
 We now make it that large for the rest of the document.
 This may cause the page layout to be inconsistent, however.

[16]
chapter 3.

Overfull \hbox (535.04955pt too wide) in paragraph at lines 943--943
[]\T1/cmtt/m/n/10 cn: hier wäre noch ein kleines Präludium schön. Wie hat sich 
die MI in den letzten Jahren verändert und was sind strategische Ziele des Inst
ituts (Computergrafik, Social Computing)[] 
 []

File: ../assets/box.pdf Graphic file (type pdf)
<use ../assets/box.pdf>
Package pdftex.def Info: ../assets/box.pdf used on input line 989.
(pdftex.def)             Requested size: 24.28851pt x 20.0pt.


Package Fancyhdr Warning: \headheight is too small (15.0pt): 
 Make it at least 32.0pt.
 We now make it that large for the rest of the document.
 This may cause the page layout to be inconsistent, however.

[17


]
Overfull \hbox (1.22147pt too wide) in paragraph at lines 989--998
\T1/Roboto-LF/l/n/10 wa-re-ent-wick-lung aus-zu-rich-ten. Die präg-nan-tes-te A
us-wir-kung die-ser Maÿ-nah-me ist die Ver-schie-
 []

File: ../assets/box.pdf Graphic file (type pdf)
<use ../assets/box.pdf>
Package pdftex.def Info: ../assets/box.pdf used on input line 1052.
(pdftex.def)             Requested size: 24.28851pt x 20.0pt.


Package Fancyhdr Warning: \headheight is too small (15.0pt): 
 Make it at least 32.0pt.
 We now make it that large for the rest of the document.
 This may cause the page layout to be inconsistent, however.

[18]
File: ../assets/box.pdf Graphic file (type pdf)
 <use ../assets/box.pdf>
Package pdftex.def Info: ../assets/box.pdf used on input line 1126.
(pdftex.def)             Requested size: 24.28851pt x 20.0pt.


Package Fancyhdr Warning: \headheight is too small (15.0pt): 
 Make it at least 32.0pt.
 We now make it that large for the rest of the document.
 This may cause the page layout to be inconsistent, however.

[19]
Overfull \hbox (178.1367pt too wide) in paragraph at lines 1136--1136
[]    \T1/cmtt/m/n/10 Comment: Grafiken fehlen, ansonsten ganz ok, PDP und Web-
Archs fehlen, Schwerpunkt zusammensetzung ebenfalls[] 
 []

File: ../assets/box.pdf Graphic file (type pdf)
<use ../assets/box.pdf>
Package pdftex.def Info: ../assets/box.pdf used on input line 1187.
(pdftex.def)             Requested size: 24.28851pt x 20.0pt.


Package Fancyhdr Warning: \headheight is too small (15.0pt): 
 Make it at least 32.0pt.
 We now make it that large for the rest of the document.
 This may cause the page layout to be inconsistent, however.

[20]
Overfull \hbox (19.90506pt too wide) in alignment at lines 1193--1203
 [] [] [] 
 []


Overfull \hbox (19.90506pt too wide) in alignment at lines 1203--1226
 [] [] [] 
 []


Overfull \hbox (29.07654pt too wide) in alignment at lines 1231--1236
 [] [] [] 
 []


Overfull \hbox (29.07654pt too wide) in alignment at lines 1236--1241
 [] [] [] 
 []


Overfull \hbox (126.55435pt too wide) in alignment at lines 1246--1251
 [] [] [] 
 []


Overfull \hbox (126.55435pt too wide) in alignment at lines 1251--1257
 [] [] [] 
 []


Overfull \hbox (74.08842pt too wide) in alignment at lines 1262--1267
 [] [] [] 
 []


Overfull \hbox (74.08842pt too wide) in alignment at lines 1267--1273
 [] [] [] 
 []

File: ../assets/box.pdf Graphic file (type pdf)
<use ../assets/box.pdf>
Package pdftex.def Info: ../assets/box.pdf used on input line 1273.
(pdftex.def)             Requested size: 24.28851pt x 20.0pt.


Package Fancyhdr Warning: \headheight is too small (15.0pt): 
 Make it at least 32.0pt.
 We now make it that large for the rest of the document.
 This may cause the page layout to be inconsistent, however.

[21]
Overfull \hbox (19.90506pt too wide) in alignment at lines 1278--1288
 [] [] [] 
 []


Overfull \hbox (19.90506pt too wide) in alignment at lines 1288--1311
 [] [] [] 
 []

File: ../assets/box.pdf Graphic file (type pdf)
<use ../assets/box.pdf>
Package pdftex.def Info: ../assets/box.pdf used on input line 1352.
(pdftex.def)             Requested size: 24.28851pt x 20.0pt.


Package Fancyhdr Warning: \headheight is too small (15.0pt): 
 Make it at least 32.0pt.
 We now make it that large for the rest of the document.
 This may cause the page layout to be inconsistent, however.

[22]
Overfull \hbox (17.93048pt too wide) in paragraph at lines 1355--1364
\T1/Roboto-LF/l/n/10 kön-nen als Wahlm-odu-le al-le Mo-du-le des Medieninformat
ik- und des Informatik-Masterstudiengangs
 []


Overfull \hbox (109.90337pt too wide) in paragraph at lines 1379--1379
[]\T1/cmtt/m/n/10 cn: hier wäre noch ein kleines Präludium schön. Wie hat sich 
die MI in den letzten Jahren verändert[] 
 []


Overfull \hbox (31.17259pt too wide) in paragraph at lines 1380--1380
[]    \T1/cmtt/m/n/10 und was sind strategische Ziele des Instituts (Computergr
afik, Social Computing)[] 
 []


Underfull \hbox (badness 10000) in paragraph at lines 1390--1390
[][][]\T1/Roboto-LF/l/n/8 Martin Chri-stof Kinds-mül-ler, Chris-ti-an Wol-ters,
 An-dre-as M. Hei-ne-cke: ``Me-dien-in-
 []


Underfull \hbox (badness 10000) in paragraph at lines 1390--1390
\T1/Roboto-LF/l/n/8 for-ma-tik 2016: Was war, was ist, was soll sein?'', un-ter
: http://dl.mensch-und-
 []


Underfull \hbox (badness 10000) in paragraph at lines 1390--1390
\T1/Roboto-LF/l/n/8 computer.de/bitstream/handle/123456789/5131/Kindsm%C3%BClle
r_Wolters_Heinecke_2016.pdf (ab-ge-ru-fen
 []

File: ../assets/box.pdf Graphic file (type pdf)
<use ../assets/box.pdf>
Package pdftex.def Info: ../assets/box.pdf used on input line 1416.
(pdftex.def)             Requested size: 24.28851pt x 20.0pt.


Package Fancyhdr Warning: \headheight is too small (15.0pt): 
 Make it at least 32.0pt.
 We now make it that large for the rest of the document.
 This may cause the page layout to be inconsistent, however.

[23]
Overfull \hbox (2.73743pt too wide) in paragraph at lines 1417--1434
[]\T1/Roboto-LF/l/n/10 Aus die-sen De-fi-ni-tio-nen und den Er-fah-run-gen der 
Be-tei-lig-ten Stu-dien-gangs-ver-ant-wort-li-chen lässt
 []


Overfull \hbox (10.59642pt too wide) in paragraph at lines 1452--1455
\T1/Roboto-LF/l/n/10 spra-chen und -methodik, Software-Engineering, Mensch-Comp
uter-Interaktion, Projekt- und Team-
 []


Overfull \hbox (4.18147pt too wide) in paragraph at lines 1460--1465
\T1/Roboto-LF/l/n/10 sys-te-men im An-wen-dungs-kon-text, Recht-li-che Aspek-te
 von In-for-ma-tik-sys-te-men im An-wen-dungs-
 []


Overfull \hbox (1.20337pt too wide) in paragraph at lines 1466--1469
[]\T1/Roboto-LF/b/n/10 Soziale Kom-pe-ten-zen und Selbst-kom-pe-ten-zen: \T1/Ro
boto-LF/l/n/10 Ko-ope-ra-ti-ons-ma-na-ge-ment, Diversity- und Kon-
 []


Overfull \hbox (31.10446pt too wide) in paragraph at lines 1470--1473
\T1/Roboto-LF/l/n/10 chen Wei-ter-bil-dung, Ana-ly-se von In-for-ma-tik-sys-te-
men in ih-rem An-wen-dungs-kon-text, Implementierungs-
 []

File: ../assets/box.pdf Graphic file (type pdf)
<use ../assets/box.pdf>
Package pdftex.def Info: ../assets/box.pdf used on input line 1474.
(pdftex.def)             Requested size: 24.28851pt x 20.0pt.


Package Fancyhdr Warning: \headheight is too small (15.0pt): 
 Make it at least 32.0pt.
 We now make it that large for the rest of the document.
 This may cause the page layout to be inconsistent, however.

[24]
Overfull \hbox (11.33345pt too wide) in paragraph at lines 1478--1483
[]\T1/Roboto-LF/l/n/10 Medieninformatiker ana-ly-sie-ren, kon-zi-pie-ren, rea-l
i-sie-ren und ad-ap-tie-ren in in-ter-dis-zi-pli-nären Teams
 []

File: ../assets/box.pdf Graphic file (type pdf)
<use ../assets/box.pdf>
Package pdftex.def Info: ../assets/box.pdf used on input line 1501.
(pdftex.def)             Requested size: 24.28851pt x 20.0pt.


Package Fancyhdr Warning: \headheight is too small (15.0pt): 
 Make it at least 32.0pt.
 We now make it that large for the rest of the document.
 This may cause the page layout to be inconsistent, however.

[25]
chapter 4.

Overfull \hbox (0.10652pt too wide) in paragraph at lines 1502--1502
|\T1/Roboto-LF/l/n/20.74 Qualifikationsziele Me-dien-in-for-ma-tik Ba-che-lor| 

 []

LaTeX Font Info:    Font shape `T1/Roboto-LF/l/it' will be
(Font)              scaled to size 10.0pt on input line 1513.
File: ../assets/box.pdf Graphic file (type pdf)
<use ../assets/box.pdf>
Package pdftex.def Info: ../assets/box.pdf used on input line 1542.
(pdftex.def)             Requested size: 24.28851pt x 20.0pt.


Package Fancyhdr Warning: \headheight is too small (15.0pt): 
 Make it at least 32.0pt.
 We now make it that large for the rest of the document.
 This may cause the page layout to be inconsistent, however.

[26


]
chapter 5.
File: ../assets/box.pdf Graphic file (type pdf)
<use ../assets/box.pdf>
Package pdftex.def Info: ../assets/box.pdf used on input line 1589.
(pdftex.def)             Requested size: 24.28851pt x 20.0pt.


Package Fancyhdr Warning: \headheight is too small (15.0pt): 
 Make it at least 32.0pt.
 We now make it that large for the rest of the document.
 This may cause the page layout to be inconsistent, however.

[27


]
Overfull \hbox (0.87343pt too wide) in paragraph at lines 1626--1633
\T1/Roboto-LF/l/n/10 wort-lich und pro-fes-sio-nell Pro-jek-te im Um-feld der M
e-dien-in-for-ma-tik or-ga-ni-sie-ren als auch durch-
 []

File: ../assets/box.pdf Graphic file (type pdf)
<use ../assets/box.pdf>
Package pdftex.def Info: ../assets/box.pdf used on input line 1639.
(pdftex.def)             Requested size: 24.28851pt x 20.0pt.


Package Fancyhdr Warning: \headheight is too small (15.0pt): 
 Make it at least 32.0pt.
 We now make it that large for the rest of the document.
 This may cause the page layout to be inconsistent, however.

[28]
File: ../assets/box.pdf Graphic file (type pdf)
 <use ../assets/box.pdf>
Package pdftex.def Info: ../assets/box.pdf used on input line 1701.
(pdftex.def)             Requested size: 24.28851pt x 20.0pt.


Package Fancyhdr Warning: \headheight is too small (15.0pt): 
 Make it at least 32.0pt.
 We now make it that large for the rest of the document.
 This may cause the page layout to be inconsistent, however.

[29]
File: ../assets/box.pdf Graphic file (type pdf)
 <use ../assets/box.pdf>
Package pdftex.def Info: ../assets/box.pdf used on input line 1727.
(pdftex.def)             Requested size: 24.28851pt x 20.0pt.


Package Fancyhdr Warning: \headheight is too small (15.0pt): 
 Make it at least 32.0pt.
 We now make it that large for the rest of the document.
 This may cause the page layout to be inconsistent, however.

[30]
chapter 6.
File: ../assets/box.pdf Graphic file (type pdf)
<use ../assets/box.pdf>
Package pdftex.def Info: ../assets/box.pdf used on input line 1734.
(pdftex.def)             Requested size: 24.28851pt x 20.0pt.


Package Fancyhdr Warning: \headheight is too small (15.0pt): 
 Make it at least 32.0pt.
 We now make it that large for the rest of the document.
 This may cause the page layout to be inconsistent, however.

[31


]
chapter 7.

Overfull \hbox (755.49571pt too wide) in paragraph at lines 1737--1737
[]\T1/cmtt/m/n/10 cn: hier bitte die Studiengänge nur beschreiben, also bitte n
icht mehr auf veränderungen eingehen, so dass wir diese Texte später weiter ben
utzen können. Alle Veränderungen bitte im Kapitel "Qualifikationsziele" veranke
rn.[] 
 []

<../anhaenge/bilder/ba-studienphasen.001.jpeg, id=486, 1027.84pt x 770.88pt>
File: ../anhaenge/bilder/ba-studienphasen.001.jpeg Graphic file (type jpg)

<use ../anhaenge/bilder/ba-studienphasen.001.jpeg>
Package pdftex.def Info: ../anhaenge/bilder/ba-studienphasen.001.jpeg used on i
nput line 1751.
(pdftex.def)             Requested size: 1027.8375pt x 770.87813pt.

Overfull \hbox (674.42366pt too wide) in paragraph at lines 1751--1753
[][]\T1/Roboto-LF/l/n/10 {:class=``img-
 []

File: ../assets/box.pdf Graphic file (type pdf)
<use ../assets/box.pdf>
Package pdftex.def Info: ../assets/box.pdf used on input line 1754.
(pdftex.def)             Requested size: 24.28851pt x 20.0pt.


Package Fancyhdr Warning: \headheight is too small (15.0pt): 
 Make it at least 32.0pt.
 We now make it that large for the rest of the document.
 This may cause the page layout to be inconsistent, however.

[32


]
Overfull \vbox (163.27809pt too high) has occurred while \output is active []

File: ../assets/box.pdf Graphic file (type pdf)

<use ../assets/box.pdf>
Package pdftex.def Info: ../assets/box.pdf used on input line 1754.
(pdftex.def)             Requested size: 24.28851pt x 20.0pt.


Package Fancyhdr Warning: \headheight is too small (15.0pt): 
 Make it at least 32.0pt.
 We now make it that large for the rest of the document.
 This may cause the page layout to be inconsistent, however.

[33 <../anhaenge/bilder/ba-studienphasen.001.jpeg>]
chapter 8.
File: ../assets/box.pdf Graphic file (type pdf)
<use ../assets/box.pdf>
Package pdftex.def Info: ../assets/box.pdf used on input line 1806.
(pdftex.def)             Requested size: 24.28851pt x 20.0pt.


Package Fancyhdr Warning: \headheight is too small (15.0pt): 
 Make it at least 32.0pt.
 We now make it that large for the rest of the document.
 This may cause the page layout to be inconsistent, however.

[34


]
File: ../assets/box.pdf Graphic file (type pdf)
 <use ../assets/box.pdf>
Package pdftex.def Info: ../assets/box.pdf used on input line 1865.
(pdftex.def)             Requested size: 24.28851pt x 20.0pt.


Package Fancyhdr Warning: \headheight is too small (15.0pt): 
 Make it at least 32.0pt.
 We now make it that large for the rest of the document.
 This may cause the page layout to be inconsistent, however.

[35]
File: ../assets/box.pdf Graphic file (type pdf)
 <use ../assets/box.pdf>
Package pdftex.def Info: ../assets/box.pdf used on input line 1913.
(pdftex.def)             Requested size: 24.28851pt x 20.0pt.


Package Fancyhdr Warning: \headheight is too small (15.0pt): 
 Make it at least 32.0pt.
 We now make it that large for the rest of the document.
 This may cause the page layout to be inconsistent, however.

[36]
File: ../assets/box.pdf Graphic file (type pdf)
 <use ../assets/box.pdf>
Package pdftex.def Info: ../assets/box.pdf used on input line 1914.
(pdftex.def)             Requested size: 24.28851pt x 20.0pt.


Package Fancyhdr Warning: \headheight is too small (15.0pt): 
 Make it at least 32.0pt.
 We now make it that large for the rest of the document.
 This may cause the page layout to be inconsistent, however.

[37]
chapter 9.

Overfull \hbox (30.93541pt too wide) in paragraph at lines 1917--1931
\T1/Roboto-LF/l/n/10 Rah-men der ins-ge-samt von der Leh-rein-heit In-for-ma-ti
k an-ge-bo-te-nen Ba-che-lo-rund Master-Studiengänge
 []

File: ../assets/box.pdf Graphic file (type pdf)
<use ../assets/box.pdf>
Package pdftex.def Info: ../assets/box.pdf used on input line 1947.
(pdftex.def)             Requested size: 24.28851pt x 20.0pt.


Package Fancyhdr Warning: \headheight is too small (15.0pt): 
 Make it at least 32.0pt.
 We now make it that large for the rest of the document.
 This may cause the page layout to be inconsistent, however.

[38


]
chapter 10.
File: ../assets/box.pdf Graphic file (type pdf)
<use ../assets/box.pdf>
Package pdftex.def Info: ../assets/box.pdf used on input line 1957.
(pdftex.def)             Requested size: 24.28851pt x 20.0pt.


Package Fancyhdr Warning: \headheight is too small (15.0pt): 
 Make it at least 32.0pt.
 We now make it that large for the rest of the document.
 This may cause the page layout to be inconsistent, however.

[39


]
chapter 11.
File: ../assets/box.pdf Graphic file (type pdf)
<use ../assets/box.pdf>
Package pdftex.def Info: ../assets/box.pdf used on input line 1959.
(pdftex.def)             Requested size: 24.28851pt x 20.0pt.


Package Fancyhdr Warning: \headheight is too small (15.0pt): 
 Make it at least 32.0pt.
 We now make it that large for the rest of the document.
 This may cause the page layout to be inconsistent, however.

[40


]
chapter 12.
File: ../assets/box.pdf Graphic file (type pdf)
<use ../assets/box.pdf>
Package pdftex.def Info: ../assets/box.pdf used on input line 1961.
(pdftex.def)             Requested size: 24.28851pt x 20.0pt.


Package Fancyhdr Warning: \headheight is too small (15.0pt): 
 Make it at least 32.0pt.
 We now make it that large for the rest of the document.
 This may cause the page layout to be inconsistent, however.

[41


]
chapter 13.
File: ../assets/box.pdf Graphic file (type pdf)
<use ../assets/box.pdf>
Package pdftex.def Info: ../assets/box.pdf used on input line 1964.
(pdftex.def)             Requested size: 24.28851pt x 20.0pt.


Package Fancyhdr Warning: \headheight is too small (15.0pt): 
 Make it at least 32.0pt.
 We now make it that large for the rest of the document.
 This may cause the page layout to be inconsistent, however.

[42


]
chapter 14.
File: ../assets/box.pdf Graphic file (type pdf)
<use ../assets/box.pdf>
Package pdftex.def Info: ../assets/box.pdf used on input line 2010.
(pdftex.def)             Requested size: 24.28851pt x 20.0pt.


Package Fancyhdr Warning: \headheight is too small (15.0pt): 
 Make it at least 32.0pt.
 We now make it that large for the rest of the document.
 This may cause the page layout to be inconsistent, however.

[43


]
File: ../assets/box.pdf Graphic file (type pdf)
 <use ../assets/box.pdf>
Package pdftex.def Info: ../assets/box.pdf used on input line 2074.
(pdftex.def)             Requested size: 24.28851pt x 20.0pt.


Package Fancyhdr Warning: \headheight is too small (15.0pt): 
 Make it at least 32.0pt.
 We now make it that large for the rest of the document.
 This may cause the page layout to be inconsistent, however.

[44]
File: ../assets/box.pdf Graphic file (type pdf)
 <use ../assets/box.pdf>
Package pdftex.def Info: ../assets/box.pdf used on input line 2144.
(pdftex.def)             Requested size: 24.28851pt x 20.0pt.


Package Fancyhdr Warning: \headheight is too small (15.0pt): 
 Make it at least 32.0pt.
 We now make it that large for the rest of the document.
 This may cause the page layout to be inconsistent, however.

[45]
File: ../assets/box.pdf Graphic file (type pdf)
 <use ../assets/box.pdf>
Package pdftex.def Info: ../assets/box.pdf used on input line 2220.
(pdftex.def)             Requested size: 24.28851pt x 20.0pt.


Package Fancyhdr Warning: \headheight is too small (15.0pt): 
 Make it at least 32.0pt.
 We now make it that large for the rest of the document.
 This may cause the page layout to be inconsistent, however.

[46]
File: ../assets/box.pdf Graphic file (type pdf)
 <use ../assets/box.pdf>
Package pdftex.def Info: ../assets/box.pdf used on input line 2297.
(pdftex.def)             Requested size: 24.28851pt x 20.0pt.


Package Fancyhdr Warning: \headheight is too small (15.0pt): 
 Make it at least 32.0pt.
 We now make it that large for the rest of the document.
 This may cause the page layout to be inconsistent, however.

[47]
File: ../assets/box.pdf Graphic file (type pdf)
 <use ../assets/box.pdf>
Package pdftex.def Info: ../assets/box.pdf used on input line 2377.
(pdftex.def)             Requested size: 24.28851pt x 20.0pt.


Package Fancyhdr Warning: \headheight is too small (15.0pt): 
 Make it at least 32.0pt.
 We now make it that large for the rest of the document.
 This may cause the page layout to be inconsistent, however.

[48]
File: ../assets/box.pdf Graphic file (type pdf)
 <use ../assets/box.pdf>
Package pdftex.def Info: ../assets/box.pdf used on input line 2411.
(pdftex.def)             Requested size: 24.28851pt x 20.0pt.


Package Fancyhdr Warning: \headheight is too small (15.0pt): 
 Make it at least 32.0pt.
 We now make it that large for the rest of the document.
 This may cause the page layout to be inconsistent, however.

[49]
chapter 15.
File: ../assets/box.pdf Graphic file (type pdf)
<use ../assets/box.pdf>
Package pdftex.def Info: ../assets/box.pdf used on input line 2414.
(pdftex.def)             Requested size: 24.28851pt x 20.0pt.


Package Fancyhdr Warning: \headheight is too small (15.0pt): 
 Make it at least 32.0pt.
 We now make it that large for the rest of the document.
 This may cause the page layout to be inconsistent, however.

[50


]
chapter 16.
File: ../assets/box.pdf Graphic file (type pdf)
<use ../assets/box.pdf>
Package pdftex.def Info: ../assets/box.pdf used on input line 2460.
(pdftex.def)             Requested size: 24.28851pt x 20.0pt.


Package Fancyhdr Warning: \headheight is too small (15.0pt): 
 Make it at least 32.0pt.
 We now make it that large for the rest of the document.
 This may cause the page layout to be inconsistent, however.

[51


]
File: ../assets/box.pdf Graphic file (type pdf)
 <use ../assets/box.pdf>
Package pdftex.def Info: ../assets/box.pdf used on input line 2500.
(pdftex.def)             Requested size: 24.28851pt x 20.0pt.


Package Fancyhdr Warning: \headheight is too small (15.0pt): 
 Make it at least 32.0pt.
 We now make it that large for the rest of the document.
 This may cause the page layout to be inconsistent, however.

[52]
chapter 17.
File: ../assets/box.pdf Graphic file (type pdf)
<use ../assets/box.pdf>
Package pdftex.def Info: ../assets/box.pdf used on input line 2523.
(pdftex.def)             Requested size: 24.28851pt x 20.0pt.


Package Fancyhdr Warning: \headheight is too small (15.0pt): 
 Make it at least 32.0pt.
 We now make it that large for the rest of the document.
 This may cause the page layout to be inconsistent, however.

[53


]
chapter 18.

Overfull \hbox (11.31859pt too wide) in paragraph at lines 2524--2524
|\T1/Roboto-LF/l/n/20.74 Inhalte aus dem An-trag, die üb-rig ge-blie-ben sind| 

 []

File: ../assets/box.pdf Graphic file (type pdf)
<use ../assets/box.pdf>
Package pdftex.def Info: ../assets/box.pdf used on input line 2582.
(pdftex.def)             Requested size: 24.28851pt x 20.0pt.


Package Fancyhdr Warning: \headheight is too small (15.0pt): 
 Make it at least 32.0pt.
 We now make it that large for the rest of the document.
 This may cause the page layout to be inconsistent, however.

[54


])
File: ../assets/box.pdf Graphic file (type pdf)
 <use ../assets/box.pdf>
Package pdftex.def Info: ../assets/box.pdf used on input line 197.
(pdftex.def)             Requested size: 24.28851pt x 20.0pt.


Package Fancyhdr Warning: \headheight is too small (15.0pt): 
 Make it at least 32.0pt.
 We now make it that large for the rest of the document.
 This may cause the page layout to be inconsistent, however.

[55]
Package atveryend Info: Empty hook `BeforeClearDocument' on input line 205.
Package atveryend Info: Empty hook `AfterLastShipout' on input line 205.
 (./selbstbericht.aux (./content.aux))
Package atveryend Info: Executing hook `AtVeryEndDocument' on input line 205.
Package atveryend Info: Executing hook `AtEndAfterFileList' on input line 205.
Package rerunfilecheck Info: File `selbstbericht.out' has not changed.
(rerunfilecheck)             Checksum: FA7EF1376EF62818DEF62D3BD77AB08A;5824.
 ) 
Here is how much of TeX's memory you used:
 16173 strings out of 494447
 256518 string characters out of 6166766
 453093 words of memory out of 5000000
 19061 multiletter control sequences out of 15000+600000
 59391 words of font info for 44 fonts, out of 8000000 for 9000
 319 hyphenation exceptions out of 8191
 57i,15n,100p,8492b,596s stack positions out of 5000i,500n,10000p,200000b,80000s
{/usr/local/texlive/2016basic/texmf-dist/fonts/enc/dvips/roboto/rbto_idpkzy.e
nc}{/usr/local/texlive/2016basic/texmf-dist/fonts/enc/dvips/roboto/rbto_bergpl.
enc} </Users/jorge/Library/texlive/2016basic/texmf-var/fonts/pk/ljfour/jknappen
/ec/ectt1000.600pk></usr/local/texlive/2016basic/texmf-dist/fonts/type1/google/
roboto/Roboto-Bold.pfb></usr/local/texlive/2016basic/texmf-dist/fonts/type1/goo
gle/roboto/Roboto-Light.pfb></usr/local/texlive/2016basic/texmf-dist/fonts/type
1/google/roboto/Roboto-LightItalic.pfb>
Output written on selbstbericht.pdf (55 pages, 685982 bytes).
PDF statistics:
 722 PDF objects out of 1000 (max. 8388607)
 570 compressed objects within 6 object streams
 164 named destinations out of 1000 (max. 500000)
 547 words of extra memory for PDF output out of 10000 (max. 10000000)

