\BOOKMARK [0][-]{chapter.1}{Formale Angaben}{}% 1
\BOOKMARK [1][-]{section.1.1}{Bachelor Medieninformatik}{chapter.1}% 2
\BOOKMARK [1][-]{section.1.2}{Master Medieninformatik}{chapter.1}% 3
\BOOKMARK [0][-]{chapter.2}{Einbettung des Studienganges in die Hochschule}{}% 4
\BOOKMARK [1][-]{section.2.1}{Kurz\374berblick \374ber die Struktur der Hochschule}{chapter.2}% 5
\BOOKMARK [2][-]{subsection.2.1.1}{Profil der Hochschule}{section.2.1}% 6
\BOOKMARK [2][-]{subsection.2.1.2}{Lehr- und Forschungsschwerpunkte}{section.2.1}% 7
\BOOKMARK [2][-]{subsection.2.1.3}{Zahl und Verteilung der Studierenden}{section.2.1}% 8
\BOOKMARK [1][-]{section.2.2}{Einbettung der Studieng\344nge in die Fakult\344t}{chapter.2}% 9
\BOOKMARK [0][-]{chapter.3}{Analyse der Studieng\344nge}{}% 10
\BOOKMARK [0][-]{chapter.4}{Ist-Zustand}{}% 11
\BOOKMARK [1][-]{section.4.1}{Erf\374llung der Auflagen der Reakkreditierung 2010}{chapter.4}% 12
\BOOKMARK [2][-]{subsection.4.1.1}{Auflagen Medieninformatik Bachelor}{section.4.1}% 13
\BOOKMARK [2][-]{subsection.4.1.2}{Auflagen Medieninformatik Master}{section.4.1}% 14
\BOOKMARK [2][-]{subsection.4.1.3}{Begleitende Betreuung w\344hrend des Studiums}{section.4.1}% 15
\BOOKMARK [2][-]{subsection.4.1.4}{Au\337ercurriculare Ma\337nahmen}{section.4.1}% 16
\BOOKMARK [1][-]{section.4.2}{St\344rken und Schw\344chen Analyse}{chapter.4}% 17
\BOOKMARK [2][-]{subsection.4.2.1}{Beurteilung des Studienerfolgs auf der Basis von Absolventenbefragungen und Verbleibstudien}{section.4.2}% 18
\BOOKMARK [2][-]{subsection.4.2.2}{Bewertung von Ergebnissen aus Evaluationen}{section.4.2}% 19
\BOOKMARK [2][-]{subsection.4.2.3}{Bewertung der statistischen Daten bez\374glich der Auslastung, der Pr\374fungserfolge, der Abbrecherquoten und der Studienanf\344nger- und Bewerberzahlen.}{section.4.2}% 20
\BOOKMARK [2][-]{subsection.4.2.4}{R\374ckschl\374sse aus informellen Gespr\344chen und Kommentaren}{section.4.2}% 21
\BOOKMARK [2][-]{subsection.4.2.5}{Ableitungen aus den Bewertungen der zur Verf\374gung stehenden Daten und Evaluationen}{section.4.2}% 22
\BOOKMARK [0][-]{chapter.5}{Soll-Zustand/ geplante Ver\344nderungen}{}% 23
\BOOKMARK [1][-]{section.5.1}{Weiterentwicklung des Lehrportfolios des Institut f\374r Informatik}{chapter.5}% 24
\BOOKMARK [1][-]{section.5.2}{Geplante Ver\344nderungen des Bachelor-Studiengangs gegen\374ber dem aktuellen Akkreditierungszeitraum}{chapter.5}% 25
\BOOKMARK [2][-]{subsection.5.2.1}{Verbesserungen des Studienaufbaus}{section.5.2}% 26
\BOOKMARK [2][-]{subsection.5.2.2}{Verbesserter Aufbau der projektorientierten Module und der Projektgr\366\337en}{section.5.2}% 27
\BOOKMARK [2][-]{subsection.5.2.3}{Strukturierte M\366glichkeit zur individuellen Fachvertiefung}{section.5.2}% 28
\BOOKMARK [2][-]{subsection.5.2.4}{Weitere \304nderungen}{section.5.2}% 29
\BOOKMARK [1][-]{section.5.3}{Auswirkungen auf die Lehrkapazit\344t}{chapter.5}% 30
\BOOKMARK [0][-]{chapter.6}{Geplante Ver\344nderungen des Master-Studiengangs gegen\374ber dem aktuellen Akkreditierungszeitraum}{}% 31
\BOOKMARK [1][-]{section.6.1}{Sch\344rfung des Profils}{chapter.6}% 32
\BOOKMARK [2][-]{subsection.6.1.1}{Schwerpunkt Social Computing}{section.6.1}% 33
\BOOKMARK [2][-]{subsection.6.1.2}{Schwerpunkt Visual Computing}{section.6.1}% 34
\BOOKMARK [2][-]{subsection.6.1.3}{Schwerpunkt Human-Computer Interaction}{section.6.1}% 35
\BOOKMARK [2][-]{subsection.6.1.4}{Schwerpunkt Weaving the Web}{section.6.1}% 36
\BOOKMARK [2][-]{subsection.6.1.5}{Generalistischer Studienverlauf: Multiperspective Product Development}{section.6.1}% 37
\BOOKMARK [1][-]{section.6.2}{Erh\366hung des Anteils an praxisnahen Projekten}{chapter.6}% 38
\BOOKMARK [1][-]{section.6.3}{Flexibilisierung des dritten Fachsemesters}{chapter.6}% 39
\BOOKMARK [0][-]{chapter.7}{Qualifikationsziele der Studiengangskonzepte}{}% 40
\BOOKMARK [0][-]{chapter.8}{Qualifikationsziele Medieninformatik Bachelor}{}% 41
\BOOKMARK [1][-]{section.8.1}{Leitbild}{chapter.8}% 42
\BOOKMARK [0][-]{chapter.9}{Qualifikationsziele Medieninformatik Master}{}% 43
\BOOKMARK [1][-]{section.9.1}{Leitbild Medieninforma