\BOOKMARK [0][-]{chapter.1}{Leitfaden // Programmakkreditierung // Siegel der Stiftung zur Akkreditierung von Studieng[Please insert \134PrerenderUnicode\173ä\175 into preamble]ngen in Deutschland \(Akkreditierungsrat\)}{}% 1
\BOOKMARK [1][-]{section.1.1}{Vorschl\344ge f\374r die Bearbeitung und Gliederung}{chapter.1}% 2
\BOOKMARK [0][-]{chapter.2}{Qualifikationsziele des Studiengangskonzeptes}{}% 3
\BOOKMARK [1][-]{section.2.1}{Leitfragen}{chapter.2}% 4
\BOOKMARK [1][-]{section.2.2}{M\366gliche Evidenzen}{chapter.2}% 5
\BOOKMARK [0][-]{chapter.3}{Konzeptionelle Einordnung des Studiengangs in das Studiensystem}{}% 6
\BOOKMARK [1][-]{section.3.1}{Leitfragen}{chapter.3}% 7
\BOOKMARK [1][-]{section.3.2}{M\366gliche Evidenzen}{chapter.3}% 8
\BOOKMARK [0][-]{chapter.4}{Studiengangskonzept}{}% 9
\BOOKMARK [1][-]{section.4.1}{Leitfragen}{chapter.4}% 10
\BOOKMARK [1][-]{section.4.2}{M\366gliche Evidenzen}{chapter.4}% 11
\BOOKMARK [0][-]{chapter.5}{Studierbarkeit}{}% 12
\BOOKMARK [1][-]{section.5.1}{Leitfragen}{chapter.5}% 13
\BOOKMARK [1][-]{section.5.2}{M\366gliche Evidenzen}{chapter.5}% 14
\BOOKMARK [0][-]{chapter.6}{Studiengangsbezogene Kooperationen}{}% 15
\BOOKMARK [1][-]{section.6.1}{Leitfragen}{chapter.6}% 16
\BOOKMARK [1][-]{section.6.2}{M\366gliche Evidenzen}{chapter.6}% 17
\BOOKMARK [0][-]{chapter.7}{Ausstattung}{}% 18
\BOOKMARK [1][-]{section.7.1}{Leitfragen}{chapter.7}% 19
\BOOKMARK [1][-]{section.7.2}{M\366gliche Evidenzen}{chapter.7}% 20
\BOOKMARK [0][-]{chapter.8}{Transparenz und Dokumentation}{}% 21
\BOOKMARK [1][-]{section.8.1}{Leitfragen}{chapter.8}% 22
\BOOKMARK [1][-]{section.8.2}{M\366gliche Evidenzen}{chapter.8}% 23
\BOOKMARK [0][-]{chapter.9}{Qualit\344tssicherung und Weiterentwicklung}{}% 24
\BOOKMARK [1][-]{section.9.1}{Leitfragen}{chapter.9}% 25
\BOOKMARK [1][-]{section.9.2}{M\366gliche Evidenzen}{chapter.9}% 26
\BOOKMARK [0][-]{chapter.10}{Geschlechtergerechtigkeit und Chancengleichheit}{}% 27
\BOOKMARK [1][-]{section.10.1}{Leitfragen}{chapter.10}% 28
\BOOKMARK [1][-]{section.10.2}{M\366gliche Evidenzen}{chapter.10}% 29
