\BOOKMARK [0][-]{chapter.1}{Human-Computer Interaction}{}% 1
\BOOKMARK [0][-]{chapter.2}{Multiperspective Product Development}{}% 2
\BOOKMARK [0][-]{chapter.3}{Social Computing}{}% 3
\BOOKMARK [0][-]{chapter.4}{Visual Computing}{}% 4
\BOOKMARK [0][-]{chapter.5}{Weaving the Web}{}% 5
\BOOKMARK [0][-]{chapter.6}{Computerethik}{}% 6
\BOOKMARK [0][-]{chapter.7}{Masterarbeit}{}% 7
\BOOKMARK [0][-]{chapter.8}{Spezielle Gebiete der Mathematik}{}% 8
\BOOKMARK [0][-]{chapter.9}{Schwerpunktmodul 1}{}% 9
\BOOKMARK [0][-]{chapter.10}{Schwerpunktmodul 2}{}% 10
\BOOKMARK [0][-]{chapter.11}{Schwerpunktmodul 3}{}% 11
\BOOKMARK [0][-]{chapter.12}{Wahlpflichtmodul}{}% 12
\BOOKMARK [0][-]{chapter.13}{Wahlpflichtmodul}{}% 13
\BOOKMARK [0][-]{chapter.14}{Wahlpflichtmodul}{}% 14
\BOOKMARK [0][-]{chapter.15}{Research Methods}{}% 15
\BOOKMARK [0][-]{chapter.16}{Design Methodologies}{}% 16
\BOOKMARK [0][-]{chapter.17}{Interaction Design}{}% 17
\BOOKMARK [0][-]{chapter.18}{Angewandte Statistik f\374r die Mensch-Computer Interaktion}{}% 18
\BOOKMARK [0][-]{chapter.19}{Sketching and Designing for User Experience}{}% 19
\BOOKMARK [0][-]{chapter.20}{Projektarbeit - Entwicklung im Kontext des Studienschwerpunkts}{}% 20
\BOOKMARK [0][-]{chapter.21}{Projektarbeit - Assessment/Evaluation, Forschung und Verwertung im Kontext des Studienschwerpunkts}{}% 21
\BOOKMARK [0][-]{chapter.22}{Projektarbeit - Vision und Konzept im Kontext des Studienschwerpunkts}{}% 22
\BOOKMARK [0][-]{chapter.23}{Netzwerk-und Graphentheorie}{}% 23
\BOOKMARK [0][-]{chapter.24}{Soziotechnische Entwurfsmuster}{}% 24
\BOOKMARK [0][-]{chapter.25}{WPF Computer Supported Collaborative Learning \(CSCL\)}{}% 25
\BOOKMARK [0][-]{chapter.26}{WPF e-Science}{}% 26
\BOOKMARK [0][-]{chapter.27}{Bildbasierte Computergrafik}{}% 27
\BOOKMARK [0][-]{chapter.28}{Photorealistische Computergrafik}{}% 28
\BOOKMARK [0][-]{chapter.29}{Storytelling und Narrative Strukturen}{}% 29
\BOOKMARK [0][-]{chapter.30}{Visualisierung}{}% 30
\BOOKMARK [0][-]{chapter.31}{Sicherheit, Privatsph\344re und Vertrauen im Netz}{}% 31
\BOOKMARK [0][-]{chapter.32}{Logik und semantische Modellierung}{}% 32
\BOOKMARK [0][-]{chapter.33}{Qualit\344tssicherung f\374r Web-Anwendungen}{}% 33
\BOOKMARK [0][-]{chapter.34}{Web Architekturen}{}% 34
\BOOKMARK [0][-]{chapter.35}{Web Technologien}{}% 35
