\BOOKMARK [0][-]{chapter.1}{Algorithmen und Programmierung 1}{}% 1
\BOOKMARK [0][-]{chapter.2}{Algorithmen und Programmierung 2}{}% 2
\BOOKMARK [0][-]{chapter.3}{Audiovisuelles Medienprojekt}{}% 3
\BOOKMARK [0][-]{chapter.4}{Bachelorarbeit}{}% 4
\BOOKMARK [0][-]{chapter.5}{Bachelor Kolloquium}{}% 5
\BOOKMARK [0][-]{chapter.6}{Betriebssysteme und verteilte Systeme}{}% 6
\BOOKMARK [0][-]{chapter.7}{BWL I - Grundlagen}{}% 7
\BOOKMARK [0][-]{chapter.8}{Datenbanken 1}{}% 8
\BOOKMARK [0][-]{chapter.9}{Einf\374hrung in Betriebssysteme und Rechnerarchitektur}{}% 9
\BOOKMARK [0][-]{chapter.10}{Einf\374hrung in die Medieninformatik}{}% 10
\BOOKMARK [0][-]{chapter.11}{Entwicklungsprojekt}{}% 11
\BOOKMARK [0][-]{chapter.12}{Grundlagen des Web}{}% 12
\BOOKMARK [0][-]{chapter.13}{Kommunikationstechnik und Netze}{}% 13
\BOOKMARK [0][-]{chapter.14}{Mathematik 1}{}% 14
\BOOKMARK [0][-]{chapter.15}{Mathematik 2}{}% 15
\BOOKMARK [0][-]{chapter.16}{Mensch-Computer Interaktion}{}% 16
\BOOKMARK [0][-]{chapter.17}{Informatik, Recht und Gesellschaft}{}% 17
\BOOKMARK [0][-]{chapter.18}{Paradigmen der Programmierung}{}% 18
\BOOKMARK [0][-]{chapter.19}{Praxisprojekt}{}% 19
\BOOKMARK [0][-]{chapter.20}{Praxisprojektseminar}{}% 20
\BOOKMARK [0][-]{chapter.21}{Projektmanagement}{}% 21
\BOOKMARK [0][-]{chapter.22}{Screendesign}{}% 22
\BOOKMARK [0][-]{chapter.23}{Softwaretechnik}{}% 23
\BOOKMARK [0][-]{chapter.24}{Theoretische Informatik 1}{}% 24
\BOOKMARK [0][-]{chapter.25}{Theoretische Informatik 2}{}% 25
\BOOKMARK [0][-]{chapter.26}{Visual Computing}{}% 26
\BOOKMARK [0][-]{chapter.27}{Web Development}{}% 27
\BOOKMARK [0][-]{chapter.28}{Social Computing}{}% 28
\BOOKMARK [0][-]{chapter.29}{Wahlpflichtmodul}{}% 29
