This is pdfTeX, Version 3.14159265-2.6-1.40.17 (TeX Live 2016) (preloaded format=pdflatex 2017.2.17)  21 FEB 2017 20:20
entering extended mode
 restricted \write18 enabled.
 file:line:error style messages enabled.
 %&-line parsing enabled.
**modulbeschreibungen-bachelor.tex
(./modulbeschreibungen-bachelor.tex
LaTeX2e <2016/03/31>
Babel <3.9r> and hyphenation patterns for 22 language(s) loaded.
(/usr/local/texlive/2016basic/texmf-dist/tex/latex/koma-script/scrbook.cls
Document Class: scrbook 2016/05/10 v3.20 KOMA-Script document class (book)
(/usr/local/texlive/2016basic/texmf-dist/tex/latex/koma-script/scrkbase.sty
Package: scrkbase 2016/05/10 v3.20 KOMA-Script package (KOMA-Script-dependent b
asics and keyval usage)

(/usr/local/texlive/2016basic/texmf-dist/tex/latex/koma-script/scrbase.sty
Package: scrbase 2016/05/10 v3.20 KOMA-Script package (KOMA-Script-independent 
basics and keyval usage)

(/usr/local/texlive/2016basic/texmf-dist/tex/latex/graphics/keyval.sty
Package: keyval 2014/10/28 v1.15 key=value parser (DPC)
\KV@toks@=\toks14
)
(/usr/local/texlive/2016basic/texmf-dist/tex/latex/koma-script/scrlfile.sty
Package: scrlfile 2016/05/10 v3.20 KOMA-Script package (loading files)

Package scrlfile, 2016/05/10 v3.20 KOMA-Script package (loading files)
                  Copyright (C) Markus Kohm

))) (/usr/local/texlive/2016basic/texmf-dist/tex/latex/koma-script/tocbasic.sty
Package: tocbasic 2016/05/10 v3.20 KOMA-Script package (handling toc-files)
\scr@dte@tocline@numberwidth=\skip41
\scr@dte@tocline@numbox=\box26
)
Package tocbasic Info: omitting babel extension for `toc'
(tocbasic)             because of feature `nobabel' available
(tocbasic)             for `toc' on input line 132.
Package tocbasic Info: omitting babel extension for `lof'
(tocbasic)             because of feature `nobabel' available
(tocbasic)             for `lof' on input line 133.
Package tocbasic Info: omitting babel extension for `lot'
(tocbasic)             because of feature `nobabel' available
(tocbasic)             for `lot' on input line 134.
Package tocbasic Info: defining new hook before heading of `' on input line 160
1.
Class scrbook Info: You've used standard option `oneside'.
(scrbook)           This is correct!
(scrbook)           Internally I'm using `twoside=false'.
(scrbook)           If you'd like to set the option with \KOMAoptions,
(scrbook)           you'd have to use `twoside=false' there
(scrbook)           instead of `oneside', too.
Package scrbook Info: You've used standard option `10pt'.
(scrbook)             This is correct!
(scrbook)             Internally I'm using `fontsize=10pt'.
(scrbook)             If you'd like to set the option with \KOMAoptions,
(scrbook)             you'd have to use `fontsize=10pt' there
(scrbook)             instead of `10pt', too.
Class scrbook Info: File `scrsize10pt.clo' used to setup font sizes on input li
ne 2268.

(/usr/local/texlive/2016basic/texmf-dist/tex/latex/koma-script/scrsize10pt.clo
File: scrsize10pt.clo 2016/05/10 v3.20 KOMA-Script font size class option (10pt
)
) (/usr/local/texlive/2016basic/texmf-dist/tex/latex/koma-script/typearea.sty
Package: typearea 2016/05/10 v3.20 KOMA-Script package (type area)

Package typearea, 2016/05/10 v3.20 KOMA-Script package (type area)
                  Copyright (C) Frank Neukam, 1992-1994
                  Copyright (C) Markus Kohm, 1994-

\ta@bcor=\skip42
\ta@div=\count79
Package typearea Info: You've used standard option `a4paper'.
(typearea)             This is correct!
(typearea)             Internally I'm using `paper=a4'.
(typearea)             If you'd like to set the option with \KOMAoptions,
(typearea)             you'd have to use `paper=a4' there
(typearea)             instead of `a4paper', too.
Package typearea Info: You've used standard option `oneside'.
(typearea)             This is correct!
(typearea)             Internally I'm using `twoside=false'.
(typearea)             If you'd like to set the option with \KOMAoptions,
(typearea)             you'd have to use `twoside=false' there
(typearea)             instead of `oneside', too.
\ta@hblk=\skip43
\ta@vblk=\skip44
\ta@temp=\skip45
\footheight=\skip46
Package typearea Info: These are the values describing the layout:
(typearea)             DIV  = 11
(typearea)             BCOR = 34.1433pt
(typearea)             \paperwidth      = 597.50793pt
(typearea)              \textwidth      = 409.71974pt
(typearea)              DIV departure   = -14%
(typearea)              \evensidemargin = 38.69576pt
(typearea)              \oddsidemargin  = 38.69576pt
(typearea)             \paperheight     = 845.04694pt
(typearea)              \textheight     = 622.0pt
(typearea)              \topmargin      = -28.44754pt
(typearea)              \headheight     = 15.0pt
(typearea)              \headsep        = 18.0pt
(typearea)              \topskip        = 10.0pt
(typearea)              \footskip       = 42.0pt
(typearea)              \baselineskip   = 12.0pt
(typearea)              on input line 1528.
)
\c@part=\count80
\c@chapter=\count81
\c@section=\count82
\c@subsection=\count83
\c@subsubsection=\count84
\c@paragraph=\count85
\c@subparagraph=\count86
\scr@dte@part@maxnumwidth=\skip47
\scr@dte@chapter@maxnumwidth=\skip48
\scr@dte@section@maxnumwidth=\skip49
\scr@dte@subsection@maxnumwidth=\skip50
\scr@dte@subsubsection@maxnumwidth=\skip51
\scr@dte@paragraph@maxnumwidth=\skip52
\scr@dte@subparagraph@maxnumwidth=\skip53
LaTeX Info: Redefining \textsubscript on input line 4771.
\abovecaptionskip=\skip54
\belowcaptionskip=\skip55
\c@pti@nb@sid@b@x=\box27
\c@figure=\count87
\c@table=\count88
Class scrbook Info: Redefining `\numberline' on input line 5776.
\bibindent=\dimen102
) (/usr/local/texlive/2016basic/texmf-dist/tex/latex/graphics/color.sty
Package: color 2016/05/09 v1.1c Standard LaTeX Color (DPC)

(/usr/local/texlive/2016basic/texmf-dist/tex/latex/graphics-cfg/color.cfg
File: color.cfg 2016/01/02 v1.6 sample color configuration
)
Package color Info: Driver file: pdftex.def on input line 144.

(/usr/local/texlive/2016basic/texmf-dist/tex/latex/pdftex-def/pdftex.def
File: pdftex.def 2011/05/27 v0.06d Graphics/color for pdfTeX

(/usr/local/texlive/2016basic/texmf-dist/tex/generic/oberdiek/infwarerr.sty
Package: infwarerr 2016/05/16 v1.4 Providing info/warning/error messages (HO)
)
(/usr/local/texlive/2016basic/texmf-dist/tex/generic/oberdiek/ltxcmds.sty
Package: ltxcmds 2016/05/16 v1.23 LaTeX kernel commands for general use (HO)
)
\Gread@gobject=\count89
))
(/usr/local/texlive/2016basic/texmf-dist/tex/latex/xcolor/xcolor.sty
Package: xcolor 2016/05/11 v2.12 LaTeX color extensions (UK)

(/usr/local/texlive/2016basic/texmf-dist/tex/latex/graphics-cfg/color.cfg
File: color.cfg 2016/01/02 v1.6 sample color configuration
)
Package xcolor Info: Package option `html' ignored on input line 216.
Package xcolor Info: Driver file: pdftex.def on input line 225.
LaTeX Info: Redefining \color on input line 709.
Package xcolor Info: Model `cmy' substituted by `cmy0' on input line 1348.
Package xcolor Info: Model `hsb' substituted by `rgb' on input line 1352.
Package xcolor Info: Model `RGB' extended on input line 1364.
Package xcolor Info: Model `HTML' substituted by `rgb' on input line 1366.
Package xcolor Info: Model `Hsb' substituted by `hsb' on input line 1367.
Package xcolor Info: Model `tHsb' substituted by `hsb' on input line 1368.
Package xcolor Info: Model `HSB' substituted by `hsb' on input line 1369.
Package xcolor Info: Model `Gray' substituted by `gray' on input line 1370.
Package xcolor Info: Model `wave' substituted by `hsb' on input line 1371.
)
(/Users/jorge/Library/texmf/tex/latex/commonstuff/ngerman.sty v2.5e 1998-07-08
Package: ngerman 1998/07/08 v2.5e Support for writing german texts (br)
\grmnU@D=\dimen103
ngerman -- \language number for naustrian undefined, default 12 used.
) (/usr/local/texlive/2016basic/texmf-dist/tex/latex/base/inputenc.sty
Package: inputenc 2015/03/17 v1.2c Input encoding file
\inpenc@prehook=\toks15
\inpenc@posthook=\toks16

(/usr/local/texlive/2016basic/texmf-dist/tex/latex/ucs/utf8x.def
File: utf8x.def 2004/10/17 UCS: Input encoding UTF-8
))
(/usr/local/texlive/2016basic/texmf-dist/tex/latex/ucs/ucs.sty
Package: ucs 2013/05/11 v2.2 UCS: Unicode input support

(/usr/local/texlive/2016basic/texmf-dist/tex/latex/ucs/data/uni-global.def
File: uni-global.def 2013/05/13 UCS: Unicode global data
)
\uc@secondtry=\count90
\uc@combtoks=\toks17
\uc@combtoksb=\toks18
\uc@temptokena=\toks19
)
(/usr/local/texlive/2016basic/texmf-dist/tex/latex/base/fontenc.sty
Package: fontenc 2005/09/27 v1.99g Standard LaTeX package

(/usr/local/texlive/2016basic/texmf-dist/tex/latex/base/t1enc.def
File: t1enc.def 2005/09/27 v1.99g Standard LaTeX file
LaTeX Font Info:    Redeclaring font encoding T1 on input line 48.
))
(/usr/local/texlive/2016basic/texmf-dist/tex/latex/graphics/graphicx.sty
Package: graphicx 2014/10/28 v1.0g Enhanced LaTeX Graphics (DPC,SPQR)

(/usr/local/texlive/2016basic/texmf-dist/tex/latex/graphics/graphics.sty
Package: graphics 2016/05/09 v1.0r Standard LaTeX Graphics (DPC,SPQR)

(/usr/local/texlive/2016basic/texmf-dist/tex/latex/graphics/trig.sty
Package: trig 2016/01/03 v1.10 sin cos tan (DPC)
)
(/usr/local/texlive/2016basic/texmf-dist/tex/latex/graphics-cfg/graphics.cfg
File: graphics.cfg 2016/01/02 v1.10 sample graphics configuration
)
Package graphics Info: Driver file: pdftex.def on input line 96.
)
\Gin@req@height=\dimen104
\Gin@req@width=\dimen105
) (/usr/local/texlive/2016basic/texmf-dist/tex/latex/oberdiek/grffile.sty
Package: grffile 2016/05/16 v1.17 Extended file name support for graphics (HO)

(/usr/local/texlive/2016basic/texmf-dist/tex/generic/oberdiek/ifpdf.sty
Package: ifpdf 2016/05/14 v3.1 Provides the ifpdf switch
)
(/usr/local/texlive/2016basic/texmf-dist/tex/generic/ifxetex/ifxetex.sty
Package: ifxetex 2010/09/12 v0.6 Provides ifxetex conditional
)
(/usr/local/texlive/2016basic/texmf-dist/tex/latex/oberdiek/kvoptions.sty
Package: kvoptions 2016/05/16 v3.12 Key value format for package options (HO)

(/usr/local/texlive/2016basic/texmf-dist/tex/generic/oberdiek/kvsetkeys.sty
Package: kvsetkeys 2016/05/16 v1.17 Key value parser (HO)

(/usr/local/texlive/2016basic/texmf-dist/tex/generic/oberdiek/etexcmds.sty
Package: etexcmds 2016/05/16 v1.6 Avoid name clashes with e-TeX commands (HO)

(/usr/local/texlive/2016basic/texmf-dist/tex/generic/oberdiek/ifluatex.sty
Package: ifluatex 2016/05/16 v1.4 Provides the ifluatex switch (HO)
Package ifluatex Info: LuaTeX not detected.
)
Package etexcmds Info: Could not find \expanded.
(etexcmds)             That can mean that you are not using pdfTeX 1.50 or
(etexcmds)             that some package has redefined \expanded.
(etexcmds)             In the latter case, load this package earlier.
)))
(/usr/local/texlive/2016basic/texmf-dist/tex/generic/oberdiek/pdftexcmds.sty
Package: pdftexcmds 2016/05/10 v0.21 Utility functions of pdfTeX for LuaTeX (HO
)
Package pdftexcmds Info: LuaTeX not detected.
Package pdftexcmds Info: \pdf@primitive is available.
Package pdftexcmds Info: \pdf@ifprimitive is available.
Package pdftexcmds Info: \pdfdraftmode found.
)
Package grffile Info: Option `multidot' is set to `true'.
Package grffile Info: Option `extendedchars' is set to `false'.
Package grffile Info: Option `space' is set to `true'.
Package grffile Info: \Gin@ii of package `graphicx' fixed on input line 486.
)
(/usr/local/texlive/2016basic/texmf-dist/tex/latex/tools/longtable.sty
Package: longtable 2014/10/28 v4.11 Multi-page Table package (DPC)
\LTleft=\skip56
\LTright=\skip57
\LTpre=\skip58
\LTpost=\skip59
\LTchunksize=\count91
\LTcapwidth=\dimen106
\LT@head=\box28
\LT@firsthead=\box29
\LT@foot=\box30
\LT@lastfoot=\box31
\LT@cols=\count92
\LT@rows=\count93
\c@LT@tables=\count94
\c@LT@chunks=\count95
\LT@p@ftn=\toks20
)
Class scrbook Info: longtable captions redefined on input line 39.

(/usr/local/texlive/2016basic/texmf-dist/tex/latex/booktabs/booktabs.sty
Package: booktabs 2016/04/27 v1.618033 publication quality tables
\heavyrulewidth=\dimen107
\lightrulewidth=\dimen108
\cmidrulewidth=\dimen109
\belowrulesep=\dimen110
\belowbottomsep=\dimen111
\aboverulesep=\dimen112
\abovetopsep=\dimen113
\cmidrulesep=\dimen114
\cmidrulekern=\dimen115
\defaultaddspace=\dimen116
\@cmidla=\count96
\@cmidlb=\count97
\@aboverulesep=\dimen117
\@belowrulesep=\dimen118
\@thisruleclass=\count98
\@lastruleclass=\count99
\@thisrulewidth=\dimen119
)

Class scrbook Warning: Usage of package `fancyhdr' together
(scrbook)              with a KOMA-Script class is not recommended.
(scrbook)              I'd suggest to use 
(scrbook)              package `scrlayer-scrpage'.
(scrbook)              Nevertheless, using requested
(scrbook)              package `fancyhdr' on input line 44.

(/usr/local/texlive/2016basic/texmf-dist/tex/latex/fancyhdr/fancyhdr.sty
\fancy@headwidth=\skip60
\f@ncyO@elh=\skip61
\f@ncyO@erh=\skip62
\f@ncyO@olh=\skip63
\f@ncyO@orh=\skip64
\f@ncyO@elf=\skip65
\f@ncyO@erf=\skip66
\f@ncyO@olf=\skip67
\f@ncyO@orf=\skip68
)
(/usr/local/texlive/2016basic/texmf-dist/tex/latex/nomencl/nomencl.sty
Package: nomencl 2005/09/22 v4.2 Nomenclature package (LN)
\nomlabelwidth=\dimen120
\nom@tempdim=\dimen121
\nomitemsep=\skip69
)
\@nomenclaturefile=\write3
\openout3 = `modulbeschreibungen-bachelor.nlo'.


Writing nomenclature file modulbeschreibungen-bachelor.nlo
(/usr/local/texlive/2016basic/texmf-dist/tex/latex/germbib/bibgerm.sty
Package: bibgerm 2000/08/18 v0.1 Support for mixed language bibliographies

** Macros for german `BibTeX'ing added to Style Option `german' 20 Apr 1993 **
** idea and languages `german' and `USenglish' implemented by M. Wallmeier **
** Modified for LaTeX 2e and german.sty 2.5b by A. Scherer 1 Nov 1995 **
** Modified for ngerman.sty and babel.sty by H. Harders 21 August 2000 **)
(/usr/local/texlive/2016basic/texmf-dist/tex/latex/url/url.sty
\Urlmuskip=\muskip10
Package: url 2013/09/16  ver 3.4  Verb mode for urls, etc.
)
(/usr/local/texlive/2016basic/texmf-dist/tex/latex/setspace/setspace.sty
Package: setspace 2011/12/19 v6.7a set line spacing
)
(/usr/local/texlive/2016basic/texmf-dist/tex/generic/babel/babel.sty
Package: babel 2016/04/23 3.9r The Babel package

(/usr/local/texlive/2016basic/texmf-dist/tex/generic/babel-german/ngerman.ldf
Language: ngerman 2013/12/13 v2.7 German support for babel (new orthography)

(/usr/local/texlive/2016basic/texmf-dist/tex/generic/babel-german/ngermanb.ldf
Language: ngermanb 2013/12/13 v2.7 German support for babel (new orthography)

(/usr/local/texlive/2016basic/texmf-dist/tex/generic/babel/babel.def
File: babel.def 2016/04/23 3.9r Babel common definitions
\babel@savecnt=\count100
\U@D=\dimen122
))))
(/usr/local/texlive/2016basic/texmf-dist/tex/latex/csquotes/csquotes.sty
Package: csquotes 2017/02/03 v5.2a context-sensitive quotations (JAW)

(/usr/local/texlive/2016basic/texmf-dist/tex/latex/etoolbox/etoolbox.sty
Package: etoolbox 2015/08/02 v2.2a e-TeX tools for LaTeX (JAW)
\etb@tempcnta=\count101
)
\csq@reset=\count102
\csq@gtype=\count103
\csq@glevel=\count104
\csq@qlevel=\count105
\csq@maxlvl=\count106
\csq@tshold=\count107
\csq@ltx@everypar=\toks21

(/usr/local/texlive/2016basic/texmf-dist/tex/latex/csquotes/csquotes.def
File: csquotes.def 2017/02/03 v5.2a csquotes generic definitions (JAW)
)
Package csquotes Info: Trying to load configuration file 'csquotes.cfg'...
Package csquotes Info: ... configuration file loaded successfully.

(/usr/local/texlive/2016basic/texmf-dist/tex/latex/csquotes/csquotes.cfg
File: csquotes.cfg 
)
Package csquotes Info: Option 'babel' depreciated.
(csquotes)             Using 'autostyle'.
Package csquotes Info: Enabling multilingual quotes.
Package csquotes Info: Redefining alias 'german' -> 'german/quotes'.
)
(/usr/local/texlive/2016basic/texmf-dist/tex/latex/fancyvrb/fancyvrb.sty
Package: fancyvrb 2008/02/07

Style option: `fancyvrb' v2.7a, with DG/SPQR fixes, and firstline=lastline fix 
<2008/02/07> (tvz)
\FV@CodeLineNo=\count108
\FV@InFile=\read1
\FV@TabBox=\box32
\c@FancyVerbLine=\count109
\FV@StepNumber=\count110
\FV@OutFile=\write4
)
(/usr/local/texlive/2016basic/texmf-dist/tex/latex/tools/verbatim.sty
Package: verbatim 2014/10/28 v1.5q LaTeX2e package for verbatim enhancements
\every@verbatim=\toks22
\verbatim@line=\toks23
\verbatim@in@stream=\read2
)
(/usr/local/texlive/2016basic/texmf-dist/tex/latex/moreverb/moreverb.sty
Package: moreverb 2008/06/03 v2.3a `more' verbatim facilities
\tab@position=\count111
\tab@size=\count112
\listing@line=\count113
)
(/usr/local/texlive/2016basic/texmf-dist/tex/latex/listings/listings.sty
\lst@mode=\count114
\lst@gtempboxa=\box33
\lst@token=\toks24
\lst@length=\count115
\lst@currlwidth=\dimen123
\lst@column=\count116
\lst@pos=\count117
\lst@lostspace=\dimen124
\lst@width=\dimen125
\lst@newlines=\count118
\lst@lineno=\count119
\lst@maxwidth=\dimen126

(/usr/local/texlive/2016basic/texmf-dist/tex/latex/listings/lstmisc.sty
File: lstmisc.sty 2015/06/04 1.6 (Carsten Heinz)
\c@lstnumber=\count120
\lst@skipnumbers=\count121
\lst@framebox=\box34
)
(/usr/local/texlive/2016basic/texmf-dist/tex/latex/listings/listings.cfg
File: listings.cfg 2015/06/04 1.6 listings configuration
))
Package: listings 2015/06/04 1.6 (Carsten Heinz)

(/usr/local/texlive/2016basic/texmf-dist/tex/latex/float/float.sty
Package: float 2001/11/08 v1.3d Float enhancements (AL)
\c@float@type=\count122
\float@exts=\toks25
\float@box=\box35
\@float@everytoks=\toks26
\@floatcapt=\box36
)
(/usr/local/texlive/2016basic/texmf-dist/tex/latex/hyperref/hyperref.sty
Package: hyperref 2016/05/05 v6.83n Hypertext links for LaTeX

(/usr/local/texlive/2016basic/texmf-dist/tex/generic/oberdiek/hobsub-hyperref.s
ty
Package: hobsub-hyperref 2016/05/16 v1.14 Bundle oberdiek, subset hyperref (HO)


(/usr/local/texlive/2016basic/texmf-dist/tex/generic/oberdiek/hobsub-generic.st
y
Package: hobsub-generic 2016/05/16 v1.14 Bundle oberdiek, subset generic (HO)
Package: hobsub 2016/05/16 v1.14 Construct package bundles (HO)
Package hobsub Info: Skipping package `infwarerr' (already loaded).
Package hobsub Info: Skipping package `ltxcmds' (already loaded).
Package hobsub Info: Skipping package `ifluatex' (already loaded).
Package: ifvtex 2016/05/16 v1.6 Detect VTeX and its facilities (HO)
Package ifvtex Info: VTeX not detected.
Package: intcalc 2016/05/16 v1.2 Expandable calculations with integers (HO)
Package hobsub Info: Skipping package `ifpdf' (already loaded).
Package hobsub Info: Skipping package `etexcmds' (already loaded).
Package hobsub Info: Skipping package `kvsetkeys' (already loaded).
Package: kvdefinekeys 2016/05/16 v1.4 Define keys (HO)
Package hobsub Info: Skipping package `pdftexcmds' (already loaded).
Package: pdfescape 2016/05/16 v1.14 Implements pdfTeX's escape features (HO)
Package: bigintcalc 2016/05/16 v1.4 Expandable calculations on big integers (HO
)
Package: bitset 2016/05/16 v1.2 Handle bit-vector datatype (HO)
Package: uniquecounter 2016/05/16 v1.3 Provide unlimited unique counter (HO)
)
Package hobsub Info: Skipping package `hobsub' (already loaded).
Package: letltxmacro 2016/05/16 v1.5 Let assignment for LaTeX macros (HO)
Package: hopatch 2016/05/16 v1.3 Wrapper for package hooks (HO)
Package: xcolor-patch 2016/05/16 xcolor patch
Package: atveryend 2016/05/16 v1.9 Hooks at the very end of document (HO)
Package: atbegshi 2016/05/16 v1.17 At begin shipout hook (HO)
Package: refcount 2016/05/16 v3.5 Data extraction from label references (HO)
Package: hycolor 2016/05/16 v1.8 Color options for hyperref/bookmark (HO)
) (/usr/local/texlive/2016basic/texmf-dist/tex/latex/oberdiek/auxhook.sty
Package: auxhook 2016/05/16 v1.4 Hooks for auxiliary files (HO)
)
\@linkdim=\dimen127
\Hy@linkcounter=\count123
\Hy@pagecounter=\count124

(/usr/local/texlive/2016basic/texmf-dist/tex/latex/hyperref/pd1enc.def
File: pd1enc.def 2016/05/05 v6.83n Hyperref: PDFDocEncoding definition (HO)
)
\Hy@SavedSpaceFactor=\count125

(/usr/local/texlive/2016basic/texmf-dist/tex/latex/latexconfig/hyperref.cfg
File: hyperref.cfg 2002/06/06 v1.2 hyperref configuration of TeXLive
)
Package hyperref Info: Option `plainpages' set `false' on input line 4322.
Package hyperref Info: Option `pdfpagelabels' set `true' on input line 4322.


Package hyperref Warning: Token not allowed in a PDF string (PDFDocEncoding):
(hyperref)                removing `\begingroup' on input line 4322.


Package hyperref Warning: Token not allowed in a PDF string (PDFDocEncoding):
(hyperref)                removing `\<let>-command' on input line 4322.


Package hyperref Warning: Token not allowed in a PDF string (PDFDocEncoding):
(hyperref)                removing `\endgroup' on input line 4322.


Package hyperref Warning: Token not allowed in a PDF string (PDFDocEncoding):
(hyperref)                removing `\begingroup' on input line 4322.


Package hyperref Warning: Token not allowed in a PDF string (PDFDocEncoding):
(hyperref)                removing `\<let>-command' on input line 4322.


Package hyperref Warning: Token not allowed in a PDF string (PDFDocEncoding):
(hyperref)                removing `\endgroup' on input line 4322.

Package hyperref Info: Hyper figures OFF on input line 4446.
Package hyperref Info: Link nesting OFF on input line 4451.
Package hyperref Info: Hyper index ON on input line 4454.
Package hyperref Info: Plain pages OFF on input line 4461.
Package hyperref Info: Backreferencing OFF on input line 4466.
Package hyperref Info: Implicit mode ON; LaTeX internals redefined.
Package hyperref Info: Bookmarks ON on input line 4691.
\c@Hy@tempcnt=\count126
LaTeX Info: Redefining \url on input line 5044.
\XeTeXLinkMargin=\dimen128
\Fld@menulength=\count127
\Field@Width=\dimen129
\Fld@charsize=\dimen130
Package hyperref Info: Hyper figures OFF on input line 6298.
Package hyperref Info: Link nesting OFF on input line 6303.
Package hyperref Info: Hyper index ON on input line 6306.
Package hyperref Info: backreferencing OFF on input line 6313.
Package hyperref Info: Link coloring OFF on input line 6318.
Package hyperref Info: Link coloring with OCG OFF on input line 6323.
Package hyperref Info: PDF/A mode OFF on input line 6328.
LaTeX Info: Redefining \ref on input line 6368.
LaTeX Info: Redefining \pageref on input line 6372.
\Hy@abspage=\count128
\c@Item=\count129
\c@Hfootnote=\count130
)

Package hyperref Message: Driver: hpdftex.

(/usr/local/texlive/2016basic/texmf-dist/tex/latex/hyperref/hpdftex.def
File: hpdftex.def 2016/05/05 v6.83n Hyperref driver for pdfTeX
\Fld@listcount=\count131
\c@bookmark@seq@number=\count132

(/usr/local/texlive/2016basic/texmf-dist/tex/latex/oberdiek/rerunfilecheck.sty
Package: rerunfilecheck 2016/05/16 v1.8 Rerun checks for auxiliary files (HO)
Package uniquecounter Info: New unique counter `rerunfilecheck' on input line 2
82.
)
\Hy@SectionHShift=\skip70
) (/usr/local/texlive/2016basic/texmf-dist/tex/latex/pdfpages/pdfpages.sty
Package: pdfpages 2016/04/19 v0.5f Insert pages of external PDF documents (AM)

(/usr/local/texlive/2016basic/texmf-dist/tex/latex/base/ifthen.sty
Package: ifthen 2014/09/29 v1.1c Standard LaTeX ifthen package (DPC)
)
(/usr/local/texlive/2016basic/texmf-dist/tex/latex/tools/calc.sty
Package: calc 2014/10/28 v4.3 Infix arithmetic (KKT,FJ)
\calc@Acount=\count133
\calc@Bcount=\count134
\calc@Adimen=\dimen131
\calc@Bdimen=\dimen132
\calc@Askip=\skip71
\calc@Bskip=\skip72
LaTeX Info: Redefining \setlength on input line 80.
LaTeX Info: Redefining \addtolength on input line 81.
\calc@Ccount=\count135
\calc@Cskip=\skip73
)
(/usr/local/texlive/2016basic/texmf-dist/tex/latex/eso-pic/eso-pic.sty
Package: eso-pic 2015/07/21 v2.0g eso-pic (RN)
)
\AM@pagewidth=\dimen133
\AM@pageheight=\dimen134

(/usr/local/texlive/2016basic/texmf-dist/tex/latex/pdfpages/pppdftex.def
File: pppdftex.def 2016/04/19 v0.5f Pdfpages driver for pdfTeX (AM)
)
\AM@pagebox=\box37
\AM@global@opts=\toks27
\AM@toc@title=\toks28
\c@AM@survey=\count136
\AM@templatesizebox=\box38
)
(/usr/local/texlive/2016basic/texmf-dist/tex/latex/tools/tabularx.sty
Package: tabularx 2016/02/03 v2.11 `tabularx' package (DPC)

(/usr/local/texlive/2016basic/texmf-dist/tex/latex/tools/array.sty
Package: array 2014/10/28 v2.4c Tabular extension package (FMi)
\col@sep=\dimen135
\extrarowheight=\dimen136
\NC@list=\toks29
\extratabsurround=\skip74
\backup@length=\skip75
)
\TX@col@width=\dimen137
\TX@old@table=\dimen138
\TX@old@col=\dimen139
\TX@target=\dimen140
\TX@delta=\dimen141
\TX@cols=\count137
\TX@ftn=\toks30
)
(/usr/local/texlive/2016basic/texmf-dist/tex/latex/base/textcomp.sty
Package: textcomp 2005/09/27 v1.99g Standard LaTeX package
Package textcomp Info: Sub-encoding information:
(textcomp)               5 = only ISO-Adobe without \textcurrency
(textcomp)               4 = 5 + \texteuro
(textcomp)               3 = 4 + \textohm
(textcomp)               2 = 3 + \textestimated + \textcurrency
(textcomp)               1 = TS1 - \textcircled - \t
(textcomp)               0 = TS1 (full)
(textcomp)             Font families with sub-encoding setting implement
(textcomp)             only a restricted character set as indicated.
(textcomp)             Family '?' is the default used for unknown fonts.
(textcomp)             See the documentation for details.
Package textcomp Info: Setting ? sub-encoding to TS1/1 on input line 79.

(/usr/local/texlive/2016basic/texmf-dist/tex/latex/base/ts1enc.def
File: ts1enc.def 2001/06/05 v3.0e (jk/car/fm) Standard LaTeX file
)
LaTeX Info: Redefining \oldstylenums on input line 334.
Package textcomp Info: Setting cmr sub-encoding to TS1/0 on input line 349.
Package textcomp Info: Setting cmss sub-encoding to TS1/0 on input line 350.
Package textcomp Info: Setting cmtt sub-encoding to TS1/0 on input line 351.
Package textcomp Info: Setting cmvtt sub-encoding to TS1/0 on input line 352.
Package textcomp Info: Setting cmbr sub-encoding to TS1/0 on input line 353.
Package textcomp Info: Setting cmtl sub-encoding to TS1/0 on input line 354.
Package textcomp Info: Setting ccr sub-encoding to TS1/0 on input line 355.
Package textcomp Info: Setting ptm sub-encoding to TS1/4 on input line 356.
Package textcomp Info: Setting pcr sub-encoding to TS1/4 on input line 357.
Package textcomp Info: Setting phv sub-encoding to TS1/4 on input line 358.
Package textcomp Info: Setting ppl sub-encoding to TS1/3 on input line 359.
Package textcomp Info: Setting pag sub-encoding to TS1/4 on input line 360.
Package textcomp Info: Setting pbk sub-encoding to TS1/4 on input line 361.
Package textcomp Info: Setting pnc sub-encoding to TS1/4 on input line 362.
Package textcomp Info: Setting pzc sub-encoding to TS1/4 on input line 363.
Package textcomp Info: Setting bch sub-encoding to TS1/4 on input line 364.
Package textcomp Info: Setting put sub-encoding to TS1/5 on input line 365.
Package textcomp Info: Setting uag sub-encoding to TS1/5 on input line 366.
Package textcomp Info: Setting ugq sub-encoding to TS1/5 on input line 367.
Package textcomp Info: Setting ul8 sub-encoding to TS1/4 on input line 368.
Package textcomp Info: Setting ul9 sub-encoding to TS1/4 on input line 369.
Package textcomp Info: Setting augie sub-encoding to TS1/5 on input line 370.
Package textcomp Info: Setting dayrom sub-encoding to TS1/3 on input line 371.
Package textcomp Info: Setting dayroms sub-encoding to TS1/3 on input line 372.

Package textcomp Info: Setting pxr sub-encoding to TS1/0 on input line 373.
Package textcomp Info: Setting pxss sub-encoding to TS1/0 on input line 374.
Package textcomp Info: Setting pxtt sub-encoding to TS1/0 on input line 375.
Package textcomp Info: Setting txr sub-encoding to TS1/0 on input line 376.
Package textcomp Info: Setting txss sub-encoding to TS1/0 on input line 377.
Package textcomp Info: Setting txtt sub-encoding to TS1/0 on input line 378.
Package textcomp Info: Setting lmr sub-encoding to TS1/0 on input line 379.
Package textcomp Info: Setting lmdh sub-encoding to TS1/0 on input line 380.
Package textcomp Info: Setting lmss sub-encoding to TS1/0 on input line 381.
Package textcomp Info: Setting lmssq sub-encoding to TS1/0 on input line 382.
Package textcomp Info: Setting lmvtt sub-encoding to TS1/0 on input line 383.
Package textcomp Info: Setting lmtt sub-encoding to TS1/0 on input line 384.
Package textcomp Info: Setting qhv sub-encoding to TS1/0 on input line 385.
Package textcomp Info: Setting qag sub-encoding to TS1/0 on input line 386.
Package textcomp Info: Setting qbk sub-encoding to TS1/0 on input line 387.
Package textcomp Info: Setting qcr sub-encoding to TS1/0 on input line 388.
Package textcomp Info: Setting qcs sub-encoding to TS1/0 on input line 389.
Package textcomp Info: Setting qpl sub-encoding to TS1/0 on input line 390.
Package textcomp Info: Setting qtm sub-encoding to TS1/0 on input line 391.
Package textcomp Info: Setting qzc sub-encoding to TS1/0 on input line 392.
Package textcomp Info: Setting qhvc sub-encoding to TS1/0 on input line 393.
Package textcomp Info: Setting futs sub-encoding to TS1/4 on input line 394.
Package textcomp Info: Setting futx sub-encoding to TS1/4 on input line 395.
Package textcomp Info: Setting futj sub-encoding to TS1/4 on input line 396.
Package textcomp Info: Setting hlh sub-encoding to TS1/3 on input line 397.
Package textcomp Info: Setting hls sub-encoding to TS1/3 on input line 398.
Package textcomp Info: Setting hlst sub-encoding to TS1/3 on input line 399.
Package textcomp Info: Setting hlct sub-encoding to TS1/5 on input line 400.
Package textcomp Info: Setting hlx sub-encoding to TS1/5 on input line 401.
Package textcomp Info: Setting hlce sub-encoding to TS1/5 on input line 402.
Package textcomp Info: Setting hlcn sub-encoding to TS1/5 on input line 403.
Package textcomp Info: Setting hlcw sub-encoding to TS1/5 on input line 404.
Package textcomp Info: Setting hlcf sub-encoding to TS1/5 on input line 405.
Package textcomp Info: Setting pplx sub-encoding to TS1/3 on input line 406.
Package textcomp Info: Setting pplj sub-encoding to TS1/3 on input line 407.
Package textcomp Info: Setting ptmx sub-encoding to TS1/4 on input line 408.
Package textcomp Info: Setting ptmj sub-encoding to TS1/4 on input line 409.
)
(/usr/local/texlive/2016basic/texmf-dist/tex/latex/eurosym/eurosym.sty
Package: eurosym 1998/08/06 v1.1 European currency symbol ``Euro''
\@eurobox=\box39
)
(/usr/local/texlive/2016basic/texmf-dist/tex/latex/roboto/roboto.sty
Package: roboto 2015/09/15 (Bob Tennent) Supports Roboto fonts for all LaTeX en
gines.

(/usr/local/texlive/2016basic/texmf-dist/tex/latex/xkeyval/xkeyval.sty
Package: xkeyval 2014/12/03 v2.7a package option processing (HA)

(/usr/local/texlive/2016basic/texmf-dist/tex/generic/xkeyval/xkeyval.tex
(/usr/local/texlive/2016basic/texmf-dist/tex/generic/xkeyval/xkvutils.tex
\XKV@toks=\toks31
\XKV@tempa@toks=\toks32
)
\XKV@depth=\count138
File: xkeyval.tex 2014/12/03 v2.7a key=value parser (HA)
))
(/usr/local/texlive/2016basic/texmf-dist/tex/latex/base/fontenc.sty
Package: fontenc 2005/09/27 v1.99g Standard LaTeX package
)
(/usr/local/texlive/2016basic/texmf-dist/tex/latex/fontaxes/fontaxes.sty
Package: fontaxes 2014/03/23 v1.0d Font selection axes
LaTeX Info: Redefining \upshape on input line 29.
LaTeX Info: Redefining \itshape on input line 31.
LaTeX Info: Redefining \slshape on input line 33.
LaTeX Info: Redefining \scshape on input line 37.
)
(/usr/local/texlive/2016basic/texmf-dist/tex/latex/mweights/mweights.sty
Package: mweights 2016/12/09 (Bob Tennent) Support package for multiple-weight 
font packages. 
LaTeX Info: Redefining \bfseries on input line 21.
LaTeX Info: Redefining \mdseries on input line 29.
LaTeX Info: Redefining \rmfamily on input line 37.
LaTeX Info: Redefining \sffamily on input line 56.
LaTeX Info: Redefining \ttfamily on input line 75.
)
LaTeX Info: Redefining \oldstylenums on input line 188.
)

Class scrbook Warning: Usage of package `titlesec' together
(scrbook)              with a KOMA-Script class is not recommended.
(scrbook)              I'd suggest to use the package only
(scrbook)              if you really need it, because it breaks several
(scrbook)              KOMA-Script features, i.e., option `headings' and
(scrbook)              the extended optional argument of the section
(scrbook)              commands.
(scrbook)              Nevertheless, using requested
(scrbook)              package `titlesec' on input line 166.

(/usr/local/texlive/2016basic/texmf-dist/tex/latex/titlesec/titlesec.sty
Package: titlesec 2016/03/21 v2.10.2 Sectioning titles
\ttl@box=\box40
\beforetitleunit=\skip76
\aftertitleunit=\skip77
\ttl@plus=\dimen142
\ttl@minus=\dimen143
\ttl@toksa=\toks33
\titlewidth=\dimen144
\titlewidthlast=\dimen145
\titlewidthfirst=\dimen146


Package titlesec Warning: Non standard sectioning command detected
(titlesec)                Using default spacing and no format.


Package titlesec Warning: Non standard sectioning command detected
(titlesec)                Using default spacing and no format.


Package titlesec Warning: Non standard sectioning command detected
(titlesec)                Using default spacing and no format.


Package titlesec Warning: Non standard sectioning command detected
(titlesec)                Using default spacing and no format.


Package titlesec Warning: Non standard sectioning command detected
(titlesec)                Using default spacing and no format.

)

Package scrbook Warning: Activating an ugly workaround for a missing
(scrbook)                feature of package `titlesec` on input line 166.

(/usr/local/texlive/2016basic/texmf-dist/tex/latex/base/fontenc.sty
Package: fontenc 2005/09/27 v1.99g Standard LaTeX package

(/usr/local/texlive/2016basic/texmf-dist/tex/latex/base/t1enc.def
File: t1enc.def 2005/09/27 v1.99g Standard LaTeX file
LaTeX Font Info:    Redeclaring font encoding T1 on input line 48.
))
(/usr/local/texlive/2016basic/texmf-dist/tex/latex/caption/caption.sty
Package: caption 2016/02/21 v3.3-144 Customizing captions (AR)

(/usr/local/texlive/2016basic/texmf-dist/tex/latex/caption/caption3.sty
Package: caption3 2016/02/04 v1.7-139 caption3 kernel (AR)
Package caption3 Info: TeX engine: e-TeX on input line 67.
\captionmargin=\dimen147
\captionmargin@=\dimen148
\captionwidth=\dimen149
\caption@tempdima=\dimen150
\caption@indent=\dimen151
\caption@parindent=\dimen152
\caption@hangindent=\dimen153
)
Package caption Info: KOMA-Script document class.
\c@ContinuedFloat=\count139
Package caption Info: float package is loaded.
Package caption Info: hyperref package is loaded.
Package caption Info: listings package is loaded.
Package caption Info: longtable package is loaded.

(/usr/local/texlive/2016basic/texmf-dist/tex/latex/caption/ltcaption.sty
Package: ltcaption 2013/06/09 v1.4-94 longtable captions (AR)
))
Package csquotes Info: Checking for multilingual support...
Package csquotes Info: ... found 'babel' package.

(./modulbeschreibungen-bachelor.aux (./content.aux))
\openout1 = `modulbeschreibungen-bachelor.aux'.

LaTeX Font Info:    Checking defaults for OML/cmm/m/it on input line 196.
LaTeX Font Info:    ... okay on input line 196.
LaTeX Font Info:    Checking defaults for T1/cmr/m/n on input line 196.
LaTeX Font Info:    ... okay on input line 196.
LaTeX Font Info:    Checking defaults for OT1/cmr/m/n on input line 196.
LaTeX Font Info:    ... okay on input line 196.
LaTeX Font Info:    Checking defaults for OMS/cmsy/m/n on input line 196.
LaTeX Font Info:    ... okay on input line 196.
LaTeX Font Info:    Checking defaults for OMX/cmex/m/n on input line 196.
LaTeX Font Info:    ... okay on input line 196.
LaTeX Font Info:    Checking defaults for U/cmr/m/n on input line 196.
LaTeX Font Info:    ... okay on input line 196.
LaTeX Font Info:    Checking defaults for PD1/pdf/m/n on input line 196.
LaTeX Font Info:    ... okay on input line 196.
LaTeX Font Info:    Checking defaults for TS1/cmr/m/n on input line 196.
LaTeX Font Info:    Try loading font information for TS1+cmr on input line 196.


(/usr/local/texlive/2016basic/texmf-dist/tex/latex/base/ts1cmr.fd
File: ts1cmr.fd 2014/09/29 v2.5h Standard LaTeX font definitions
)
LaTeX Font Info:    ... okay on input line 196.
LaTeX Font Info:    Try loading font information for T1+Roboto-LF on input line
 196.

(/usr/local/texlive/2016basic/texmf-dist/tex/latex/roboto/T1Roboto-LF.fd
File: T1Roboto-LF.fd 2015/09/15 (autoinst) Font definitions for T1/Roboto-LF.
)
LaTeX Font Info:    Font shape `T1/Roboto-LF/l/n' will be
(Font)              scaled to size 10.0pt on input line 196.

(/usr/local/texlive/2016basic/texmf-dist/tex/context/base/mkii/supp-pdf.mkii
[Loading MPS to PDF converter (version 2006.09.02).]
\scratchcounter=\count140
\scratchdimen=\dimen154
\scratchbox=\box41
\nofMPsegments=\count141
\nofMParguments=\count142
\everyMPshowfont=\toks34
\MPscratchCnt=\count143
\MPscratchDim=\dimen155
\MPnumerator=\count144
\makeMPintoPDFobject=\count145
\everyMPtoPDFconversion=\toks35
) (/usr/local/texlive/2016basic/texmf-dist/tex/latex/ucs/ucsencs.def
File: ucsencs.def 2011/01/21 Fixes to fontencodings LGR, T3
)
(/usr/local/texlive/2016basic/texmf-dist/tex/latex/oberdiek/epstopdf-base.sty
Package: epstopdf-base 2016/05/15 v2.6 Base part for package epstopdf

(/usr/local/texlive/2016basic/texmf-dist/tex/latex/oberdiek/grfext.sty
Package: grfext 2016/05/16 v1.2 Manage graphics extensions (HO)
)
Package grfext Info: Graphics extension search list:
(grfext)             [.png,.pdf,.jpg,.mps,.jpeg,.jbig2,.jb2,.PNG,.PDF,.JPG,.JPE
G,.JBIG2,.JB2,.eps]
(grfext)             \AppendGraphicsExtensions on input line 456.

(/usr/local/texlive/2016basic/texmf-dist/tex/latex/latexconfig/epstopdf-sys.cfg
File: epstopdf-sys.cfg 2010/07/13 v1.3 Configuration of (r)epstopdf for TeX Liv
e
))

bibgerm.sty: (n)german.sty 2.5b detected

\c@lstlisting=\count146
\AtBeginShipoutBox=\box42
Package hyperref Info: Link coloring OFF on input line 196.
(/usr/local/texlive/2016basic/texmf-dist/tex/latex/hyperref/nameref.sty
Package: nameref 2012/10/27 v2.43 Cross-referencing by name of section

(/usr/local/texlive/2016basic/texmf-dist/tex/generic/oberdiek/gettitlestring.st
y
Package: gettitlestring 2016/05/16 v1.5 Cleanup title references (HO)
)
\c@section@level=\count147
)
LaTeX Info: Redefining \ref on input line 196.
LaTeX Info: Redefining \pageref on input line 196.
LaTeX Info: Redefining \nameref on input line 196.
 (./modulbeschreibungen-bachelor.out) (./modulbeschreibungen-bachelor.out)
\@outlinefile=\write5
\openout5 = `modulbeschreibungen-bachelor.out'.


(/usr/local/texlive/2016basic/texmf-dist/tex/latex/oberdiek/pdflscape.sty
Package: pdflscape 2016/05/14 v0.11 Display of landscape pages in PDF (HO)

(/usr/local/texlive/2016basic/texmf-dist/tex/latex/graphics/lscape.sty
Package: lscape 2000/10/22 v3.01 Landscape Pages (DPC)
)
Package pdflscape Info: Auto-detected driver: pdftex on input line 81.
)
\c@mv@tabular=\count148
\c@mv@boldtabular=\count149
Package caption Info: Begin \AtBeginDocument code.
Package caption Info: End \AtBeginDocument code.
LaTeX Font Info:    Font shape `T1/Roboto-LF/l/n' will be
(Font)              scaled to size 20.74pt on input line 199.

(./modulbeschreibungen-bachelor.toc
LaTeX Font Info:    Font shape `T1/Roboto-LF/b/n' will be
(Font)              scaled to size 10.0pt on input line 1.
LaTeX Font Info:    External font `cmex10' loaded for size
(Font)              <7> on input line 2.
LaTeX Font Info:    External font `cmex10' loaded for size
(Font)              <5> on input line 2.

<../assets/box.pdf, id=1261, 598.86235pt x 493.1233pt>
File: ../assets/box.pdf Graphic file (type pdf)
 <use ../assets/box.pdf>
Package pdftex.def Info: ../assets/box.pdf used on input line 32.
(pdftex.def)             Requested size: 24.28851pt x 20.0pt.
LaTeX Font Info:    Font shape `T1/Roboto-LF/l/n' will be
(Font)              scaled to size 9.0pt on input line 32.

(/usr/local/texlive/2016basic/texmf-dist/tex/latex/ucs/data/uni-0.def
File: uni-0.def 2013/05/13 UCS: Unicode data U+0000..U+00FF
) [1



{/usr/local/texlive/2016basic/texmf-var/fonts/map/pdftex/updmap/pdftex.map} <..
/assets/box.pdf>]
File: ../assets/box.pdf Graphic file (type pdf)
 <use ../assets/box.pdf>
Package pdftex.def Info: ../assets/box.pdf used on input line 72.
(pdftex.def)             Requested size: 24.28851pt x 20.0pt.
 [2]
File: ../assets/box.pdf Graphic file (type pdf)
 <use ../assets/box.pdf>
Package pdftex.def Info: ../assets/box.pdf used on input line 112.
(pdftex.def)             Requested size: 24.28851pt x 20.0pt.
 [3]
File: ../assets/box.pdf Graphic file (type pdf)

<use ../assets/box.pdf>
Package pdftex.def Info: ../assets/box.pdf used on input line 152.
(pdftex.def)             Requested size: 24.28851pt x 20.0pt.
 [4]
File: ../assets/box.pdf Graphic file (type pdf)
 <use ../assets/box.pdf>
Package pdftex.def Info: ../assets/box.pdf used on input line 192.
(pdftex.def)             Requested size: 24.28851pt x 20.0pt.
 [5]
File: ../assets/box.pdf Graphic file (type pdf)

<use ../assets/box.pdf>
Package pdftex.def Info: ../assets/box.pdf used on input line 232.
(pdftex.def)             Requested size: 24.28851pt x 20.0pt.
 [6]
File: ../assets/box.pdf Graphic file (type pdf)
 <use ../assets/box.pdf>
Package pdftex.def Info: ../assets/box.pdf used on input line 274.
(pdftex.def)             Requested size: 24.28851pt x 20.0pt.
 [7])
\tf@toc=\write6
\openout6 = `modulbeschreibungen-bachelor.toc'.

File: ../assets/box.pdf Graphic file (type pdf)

<use ../assets/box.pdf>
Package pdftex.def Info: ../assets/box.pdf used on input line 203.
(pdftex.def)             Requested size: 24.28851pt x 20.0pt.
 [8]
\openout2 = `content.aux'.

 (./content.tex
chapter 1.

Class scrbook Warning: \float@addtolists detected!
(scrbook)              Implementation of \float@addtolist became
(scrbook)              deprecated in KOMA-Script v3.01 2008/11/14 and
(scrbook)              has been replaced by several more flexible
(scrbook)              features of package `tocbasic`.
(scrbook)              Since Version 3.12 support for deprecated
(scrbook)              \float@addtolist interface has been
(scrbook)              restricted to only some of the KOMA-Script
(scrbook)              features and been removed from others.
(scrbook)              Loading of package `scrhack' may help to
(scrbook)              avoid this warning, if you are using a
(scrbook)              a package that still implements the
(scrbook)              deprecated \float@addtolist interface .

LaTeX Font Info:    Font shape `T1/Roboto-LF/l/n' will be
(Font)              scaled to size 12.0pt on input line 4.
LaTeX Font Info:    Try loading font information for TS1+Roboto-LF on input lin
e 16.
(/usr/local/texlive/2016basic/texmf-dist/tex/latex/roboto/TS1Roboto-LF.fd
File: TS1Roboto-LF.fd 2015/09/15 (autoinst) Font definitions for TS1/Roboto-LF.

)
LaTeX Font Info:    Font shape `TS1/Roboto-LF/l/n' will be
(Font)              scaled to size 10.0pt on input line 16.
File: ../assets/box.pdf Graphic file (type pdf)

<use ../assets/box.pdf>
Package pdftex.def Info: ../assets/box.pdf used on input line 40.
(pdftex.def)             Requested size: 24.28851pt x 20.0pt.
pdfTeX warning (ext4): destination with the same identifier (name{page.1}) has 
been already used, duplicate ignored
<to be read again> 
                   \relax 
l.40 \chapter
             {Algorithmen und Programmierung [1




]
File: ../assets/box.pdf Graphic file (type pdf)
 <use ../assets/box.pdf>
Package pdftex.def Info: ../assets/box.pdf used on input line 40.
(pdftex.def)             Requested size: 24.28851pt x 20.0pt.
pdfTeX warning (ext4): destination with the same identifier (name{page.2}) has 
been already used, duplicate ignored
<to be read again> 
                   \relax 
l.40 \chapter
             {Algorithmen und Programmierung [2]
chapter 2.

Overfull \hbox (2.4445pt too wide) in paragraph at lines 50--53
\T1/Roboto-LF/l/n/10 Die Stu-die-ren-de sollen- Ob-jek-t-ori-en-tie-rung, die P
rin-zi-pi-en der Al-go-rith-men-ent-wick-lung und grund-
 []

(/usr/local/texlive/2016basic/texmf-dist/tex/latex/ucs/data/uni-32.def
File: uni-32.def 2013/05/13 UCS: Unicode data U+2000..U+20FF
)
File: ../assets/box.pdf Graphic file (type pdf)

<use ../assets/box.pdf>
Package pdftex.def Info: ../assets/box.pdf used on input line 74.
(pdftex.def)             Requested size: 24.28851pt x 20.0pt.
pdfTeX warning (ext4): destination with the same identifier (name{page.3}) has 
been already used, duplicate ignored
<to be read again> 
                   \relax 
l.74 \chapter
             {Audiovisuelles [3


]
chapter 3.

Overfull \hbox (1.87347pt too wide) in paragraph at lines 91--99
\T1/Roboto-LF/l/n/10 die-ser for-mu-lier-ten Fach-kom-pe-tenz, Me-tho-den-kom-p
e-tenz und Kom-mu-ni-ka-ti-ons-kom-pe-tenz ste-
 []

File: ../assets/box.pdf Graphic file (type pdf)
<use ../assets/box.pdf>
Package pdftex.def Info: ../assets/box.pdf used on input line 113.
(pdftex.def)             Requested size: 24.28851pt x 20.0pt.
pdfTeX warning (ext4): destination with the same identifier (name{page.4}) has 
been already used, duplicate ignored
<to be read again> 
                   \relax 
l.113 
       [4


]
Overfull \hbox (13.47337pt too wide) in paragraph at lines 135--137
[]\T1/Roboto-LF/l/n/10 Begleitend zu der Pro-duk-ti-on wer-den fol-gen-de fach-
s-pe-zi-fi-schen In-hal-te the-ma-ti-siert und in Übungs-
 []

File: ../assets/box.pdf Graphic file (type pdf)
<use ../assets/box.pdf>
Package pdftex.def Info: ../assets/box.pdf used on input line 171.
(pdftex.def)             Requested size: 24.28851pt x 20.0pt.
pdfTeX warning (ext4): destination with the same identifier (name{page.5}) has 
been already used, duplicate ignored
<to be read again> 
                   \relax 
l.171 \end{itemize}
                    [5]
Overfull \hbox (4.61473pt too wide) in paragraph at lines 184--187
[]\T1/Roboto-LF/l/n/10 Steven D. Katz, Die Rich-ti-ge Ein-stel-lung Zwei-tau-se
nd-eins, Frank-furt a.M.1998,ISBN 3-86150-
 []

File: ../assets/box.pdf Graphic file (type pdf)
<use ../assets/box.pdf>
Package pdftex.def Info: ../assets/box.pdf used on input line 202.
(pdftex.def)             Requested size: 24.28851pt x 20.0pt.
pdfTeX warning (ext4): destination with the same identifier (name{page.6}) has 
been already used, duplicate ignored
<to be read again> 
                   \relax 
l.202 \chapter
              {Bachelorarbeit}\label{bachelorarbeit} [6]
chapter 4.
File: ../assets/box.pdf Graphic file (type pdf)
<use ../assets/box.pdf>
Package pdftex.def Info: ../assets/box.pdf used on input line 233.
(pdftex.def)             Requested size: 24.28851pt x 20.0pt.
pdfTeX warning (ext4): destination with the same identifier (name{page.7}) has 
been already used, duplicate ignored
<to be read again> 
                   \relax 
l.233 \section{Medienformen:}
                             \label{medienformen-3} [7


]
File: ../assets/box.pdf Graphic file (type pdf)

<use ../assets/box.pdf>
Package pdftex.def Info: ../assets/box.pdf used on input line 237.
(pdftex.def)             Requested size: 24.28851pt x 20.0pt.
pdfTeX warning (ext4): destination with the same identifier (name{page.8}) has 
been already used, duplicate ignored
<to be read again> 
                   \relax 
l.237 \chapter
              {Bachelor Kolloquium}\label{bachelor-kolloquium} [8]
chapter 5.
File: ../assets/box.pdf Graphic file (type pdf)
<use ../assets/box.pdf>
Package pdftex.def Info: ../assets/box.pdf used on input line 266.
(pdftex.def)             Requested size: 24.28851pt x 20.0pt.
 [9


]
File: ../assets/box.pdf Graphic file (type pdf)
 <use ../assets/box.pdf>
Package pdftex.def Info: ../assets/box.pdf used on input line 270.
(pdftex.def)             Requested size: 24.28851pt x 20.0pt.
 [10]
chapter 6.
File: ../assets/box.pdf Graphic file (type pdf)
<use ../assets/box.pdf>
Package pdftex.def Info: ../assets/box.pdf used on input line 312.
(pdftex.def)             Requested size: 24.28851pt x 20.0pt.
 [11


]
File: ../assets/box.pdf Graphic file (type pdf)
 <use ../assets/box.pdf>
Package pdftex.def Info: ../assets/box.pdf used on input line 330.
(pdftex.def)             Requested size: 24.28851pt x 20.0pt.
 [12]
chapter 7.
File: ../assets/box.pdf Graphic file (type pdf)
<use ../assets/box.pdf>
Package pdftex.def Info: ../assets/box.pdf used on input line 364.
(pdftex.def)             Requested size: 24.28851pt x 20.0pt.
 [13


]
File: ../assets/box.pdf Graphic file (type pdf)
 <use ../assets/box.pdf>
Package pdftex.def Info: ../assets/box.pdf used on input line 383.
(pdftex.def)             Requested size: 24.28851pt x 20.0pt.
 [14]
chapter 8.

Overfull \hbox (0.15753pt too wide) in paragraph at lines 396--399
[]\T1/Roboto-LF/l/n/10 über ein ein-heit-li-ches kon-sis-ten-tes Be-griffs-ge-b
äu-de be-züg-lich der Da-ten-bankt-he-ma-tik ver-
 []

File: ../assets/box.pdf Graphic file (type pdf)
<use ../assets/box.pdf>
Package pdftex.def Info: ../assets/box.pdf used on input line 423.
(pdftex.def)             Requested size: 24.28851pt x 20.0pt.
 [15


]
Overfull \hbox (2.5585pt too wide) in paragraph at lines 443--445
[]\T1/Roboto-LF/l/n/10 Transaktionskonzepte, Mehr-be-nut-zer-syn-chro-ni-sa-ti-
on, Feh-ler-er-ho-lung und Da-ten-si-cher-heit 
 []


Overfull \hbox (5.2265pt too wide) in paragraph at lines 462--464
[]\T1/Roboto-LF/l/n/10 Ilias zur Be-reit-stel-lung al-ler In-for-ma-tio-nen (Ak
-tu-el-les, Links, Fo-li-en, Praktikums-/Übungsaufgaben,
 []

File: ../assets/box.pdf Graphic file (type pdf)
<use ../assets/box.pdf>
Package pdftex.def Info: ../assets/box.pdf used on input line 469.
(pdftex.def)             Requested size: 24.28851pt x 20.0pt.
 [16]
Overfull \hbox (19.67053pt too wide) in paragraph at lines 486--488
[]\T1/Roboto-LF/l/n/10 Vossen, G.: Da-ten-mo-del-le, Da-ten-bank-spra-chen, Da-
ten-bank-ma-na-ge-ment-sys-te-me. Oldenbourg-
 []

File: ../assets/box.pdf Graphic file (type pdf)
<use ../assets/box.pdf>
Package pdftex.def Info: ../assets/box.pdf used on input line 490.
(pdftex.def)             Requested size: 24.28851pt x 20.0pt.
 [17]
chapter 9.

Overfull \hbox (2.8366pt too wide) in paragraph at lines 521--523
[]\T1/Roboto-LF/l/n/10 Vorlesungsunterlagen: kom-men-tier-te Foliensammlung- Ta
-nen-baum: ^^RRechnerarchitektur``-
 []

File: ../assets/box.pdf Graphic file (type pdf)
<use ../assets/box.pdf>
Package pdftex.def Info: ../assets/box.pdf used on input line 523.
(pdftex.def)             Requested size: 24.28851pt x 20.0pt.
 [18


]
File: ../assets/box.pdf Graphic file (type pdf)
 <use ../assets/box.pdf>
Package pdftex.def Info: ../assets/box.pdf used on input line 525.
(pdftex.def)             Requested size: 24.28851pt x 20.0pt.
 [19]
chapter 10.

Overfull \hbox (9.02446pt too wide) in paragraph at lines 560--564
\T1/Roboto-LF/l/n/10 Workshops zu grund-le-gen-den pro-jek-tre-le-van-ten The-m
en-fel-dern (wie: Da-ten-mo-del-lie-rung, Pseudo-
 []

File: ../assets/box.pdf Graphic file (type pdf)
<use ../assets/box.pdf>
Package pdftex.def Info: ../assets/box.pdf used on input line 565.
(pdftex.def)             Requested size: 24.28851pt x 20.0pt.
 [20


]
File: ../assets/box.pdf Graphic file (type pdf)
 <use ../assets/box.pdf>
Package pdftex.def Info: ../assets/box.pdf used on input line 599.
(pdftex.def)             Requested size: 24.28851pt x 20.0pt.
 [21]
chapter 11.
File: ../assets/box.pdf Graphic file (type pdf)
<use ../assets/box.pdf>
Package pdftex.def Info: ../assets/box.pdf used on input line 634.
(pdftex.def)             Requested size: 24.28851pt x 20.0pt.
 [22


]
Overfull \hbox (20.12639pt too wide) in paragraph at lines 634--639
\T1/Roboto-LF/l/n/10 spra-che mit den Leh-ren-den ei-ne Aus-wahl der ein-zu-set
-zen-den Ent-wick-lungs-tech-ni-ken und -methoden
 []


Overfull \hbox (0.8605pt too wide) in paragraph at lines 634--639
\T1/Roboto-LF/l/n/10 so-wie der ein-zu-hal-ten-den Ent-wick-lungs-mo-del-le ge-
trof-fen. Qua-li-täts-si-che-rungs-maÿ-nah-men und
 []

File: ../assets/box.pdf Graphic file (type pdf)
<use ../assets/box.pdf>
Package pdftex.def Info: ../assets/box.pdf used on input line 657.
(pdftex.def)             Requested size: 24.28851pt x 20.0pt.
 [23]
chapter 12.
File: ../assets/box.pdf Graphic file (type pdf)
<use ../assets/box.pdf>
Package pdftex.def Info: ../assets/box.pdf used on input line 691.
(pdftex.def)             Requested size: 24.28851pt x 20.0pt.
 [24


]
File: ../assets/box.pdf Graphic file (type pdf)
 <use ../assets/box.pdf>
Package pdftex.def Info: ../assets/box.pdf used on input line 743.
(pdftex.def)             Requested size: 24.28851pt x 20.0pt.
 [25]
chapter 13.

Overfull \hbox (27.61757pt too wide) in paragraph at lines 762--766
[]\T1/Roboto-LF/l/n/10 Protokolle als we-sent-li-che Grund-la-ge der KT im De-t
ail ver-ste-hen (Internet-Protokolle, Multimedia-
 []


Overfull \hbox (0.96933pt too wide) in paragraph at lines 776--787
\T1/Roboto-LF/l/n/10 und  Pro-to-kol-le, Internet-spezifische Ver-fah-ren, Mult
imedia-Netze, Dienst-gü-te, Internet-Telefonie,
 []

File: ../assets/box.pdf Graphic file (type pdf)
<use ../assets/box.pdf>
Package pdftex.def Info: ../assets/box.pdf used on input line 787.
(pdftex.def)             Requested size: 24.28851pt x 20.0pt.
 [26


]
Overfull \hbox (24.7724pt too wide) in paragraph at lines 800--802
\T1/Roboto-LF/l/n/10 Wird in der Ver-an-stal-tung be-kannt ge-ge-ben bzw. sie-h
e Ho-me-pa-ge (http://www.inf.fh-koeln.de/~stahl). 
 []

File: ../assets/box.pdf Graphic file (type pdf)
<use ../assets/box.pdf>
Package pdftex.def Info: ../assets/box.pdf used on input line 803.
(pdftex.def)             Requested size: 24.28851pt x 20.0pt.
 [27]
chapter 14.

Overfull \hbox (44.85936pt too wide) in paragraph at lines 814--823
\T1/Roboto-LF/l/n/10 tu-ren ab-stra-hie-ren und ler-nen, selbst-stän-dig die Mo
-dell-fin-dung und die Er-geb-nis-be-ur-tei-lung vorzunehmen.-
 []

File: ../assets/box.pdf Graphic file (type pdf)
<use ../assets/box.pdf>
Package pdftex.def Info: ../assets/box.pdf used on input line 834.
(pdftex.def)             Requested size: 24.28851pt x 20.0pt.
 [28


]
File: ../assets/box.pdf Graphic file (type pdf)
 <use ../assets/box.pdf>
Package pdftex.def Info: ../assets/box.pdf used on input line 851.
(pdftex.def)             Requested size: 24.28851pt x 20.0pt.
 [29]
chapter 15.
File: ../assets/box.pdf Graphic file (type pdf)
<use ../assets/box.pdf>
Package pdftex.def Info: ../assets/box.pdf used on input line 884.
(pdftex.def)             Requested size: 24.28851pt x 20.0pt.
 [30


]
File: ../assets/box.pdf Graphic file (type pdf)
 <use ../assets/box.pdf>
Package pdftex.def Info: ../assets/box.pdf used on input line 905.
(pdftex.def)             Requested size: 24.28851pt x 20.0pt.
 [31]
chapter 16.

Overfull \hbox (32.92938pt too wide) in paragraph at lines 918--921
\T1/Roboto-LF/l/n/10 Die Stu-die-ren-den er-wer-ben Grund-kennt-nis-se in kogni
tions-, arbeits- und organisations-psychologischen
 []


Overfull \hbox (7.60942pt too wide) in paragraph at lines 922--926
[]\T1/Roboto-LF/l/n/10 Die Stu-die-ren-den ken-nen Mo-del-le, Me-tho-den, Arbei
ts- und Do-ku-men-ta-ti-ons-tech-ni-ken der Mensch-
 []

File: ../assets/box.pdf Graphic file (type pdf)
<use ../assets/box.pdf>
Package pdftex.def Info: ../assets/box.pdf used on input line 945.
(pdftex.def)             Requested size: 24.28851pt x 20.0pt.
 [32


]
File: ../assets/box.pdf Graphic file (type pdf)
 <use ../assets/box.pdf>
Package pdftex.def Info: ../assets/box.pdf used on input line 992.
(pdftex.def)             Requested size: 24.28851pt x 20.0pt.
 [33]
Overfull \hbox (4.99554pt too wide) in paragraph at lines 1024--1028
[]\T1/Roboto-LF/l/n/10 Rosson, M.B. & Car-roll, J.M.: Usa-bi-li-ty En-gi-nee-ri
ng. Scenario-Based De-ve-lop-ment of Human-
 []

File: ../assets/box.pdf Graphic file (type pdf)
<use ../assets/box.pdf>
Package pdftex.def Info: ../assets/box.pdf used on input line 1034.
(pdftex.def)             Requested size: 24.28851pt x 20.0pt.
 [34]
chapter 17.
File: ../assets/box.pdf Graphic file (type pdf)
<use ../assets/box.pdf>
Package pdftex.def Info: ../assets/box.pdf used on input line 1071.
(pdftex.def)             Requested size: 24.28851pt x 20.0pt.
 [35


]
Overfull \hbox (3.18443pt too wide) in paragraph at lines 1079--1086
[]\T1/Roboto-LF/l/n/10 Recht: Ein-füh-rung in das deut-sche Pri-vat-recht, ins-
be-son-de-re in das BGB. Schwer-punkt im Schuld-
 []

File: ../assets/box.pdf Graphic file (type pdf)
<use ../assets/box.pdf>
Package pdftex.def Info: ../assets/box.pdf used on input line 1117.
(pdftex.def)             Requested size: 24.28851pt x 20.0pt.
 [36]
File: ../assets/box.pdf Graphic file (type pdf)
 <use ../assets/box.pdf>
Package pdftex.def Info: ../assets/box.pdf used on input line 1117.
(pdftex.def)             Requested size: 24.28851pt x 20.0pt.
 [37]
chapter 18.
File: ../assets/box.pdf Graphic file (type pdf)
<use ../assets/box.pdf>
Package pdftex.def Info: ../assets/box.pdf used on input line 1161.
(pdftex.def)             Requested size: 24.28851pt x 20.0pt.
 [38


]
Overfull \hbox (3.6406pt too wide) in paragraph at lines 1170--1173
[]\T1/Roboto-LF/l/n/10 Abelson, Suss-man, Struk-tur und In-ter-pre-ta-ti-on von
 Com-pu-ter Programmen,Springer-Verlag
 []

File: ../assets/box.pdf Graphic file (type pdf)
<use ../assets/box.pdf>
Package pdftex.def Info: ../assets/box.pdf used on input line 1186.
(pdftex.def)             Requested size: 24.28851pt x 20.0pt.
 [39]
chapter 19.
File: ../assets/box.pdf Graphic file (type pdf)
<use ../assets/box.pdf>
Package pdftex.def Info: ../assets/box.pdf used on input line 1221.
(pdftex.def)             Requested size: 24.28851pt x 20.0pt.
 [40


]
File: ../assets/box.pdf Graphic file (type pdf)
 <use ../assets/box.pdf>
Package pdftex.def Info: ../assets/box.pdf used on input line 1229.
(pdftex.def)             Requested size: 24.28851pt x 20.0pt.
 [41]
chapter 20.
File: ../assets/box.pdf Graphic file (type pdf)
<use ../assets/box.pdf>
Package pdftex.def Info: ../assets/box.pdf used on input line 1266.
(pdftex.def)             Requested size: 24.28851pt x 20.0pt.
 [42


]
File: ../assets/box.pdf Graphic file (type pdf)
 <use ../assets/box.pdf>
Package pdftex.def Info: ../assets/box.pdf used on input line 1286.
(pdftex.def)             Requested size: 24.28851pt x 20.0pt.
 [43]
chapter 21.
File: ../assets/box.pdf Graphic file (type pdf)
<use ../assets/box.pdf>
Package pdftex.def Info: ../assets/box.pdf used on input line 1324.
(pdftex.def)             Requested size: 24.28851pt x 20.0pt.
 [44


]
Overfull \hbox (4.0565pt too wide) in paragraph at lines 1339--1343
[]\T1/Roboto-LF/l/n/10 Projektorganisation und Pro-jekt-pla-nung (Auf-bau-or-ga
-ni-sa-ti-on, Ab-lau-f-or-ga-ni-sa-ti-on, Pro-zess-
 []

File: ../assets/box.pdf Graphic file (type pdf)
<use ../assets/box.pdf>
Package pdftex.def Info: ../assets/box.pdf used on input line 1392.
(pdftex.def)             Requested size: 24.28851pt x 20.0pt.
 [45]
File: ../assets/box.pdf Graphic file (type pdf)
 <use ../assets/box.pdf>
Package pdftex.def Info: ../assets/box.pdf used on input line 1407.
(pdftex.def)             Requested size: 24.28851pt x 20.0pt.
 [46]
chapter 22.
File: ../assets/box.pdf Graphic file (type pdf)
<use ../assets/box.pdf>
Package pdftex.def Info: ../assets/box.pdf used on input line 1454.
(pdftex.def)             Requested size: 24.28851pt x 20.0pt.
 [47


]
Overfull \hbox (8.72058pt too wide) in paragraph at lines 1476--1479
[]\T1/Roboto-LF/l/n/10 Flick, U. (2011). Qua-li-ta-ti-ve So-zi-al-for-schung: E
i-ne Ein-füh-rung. Rein-bek bei Ham-burg: Rowohlt-
 []

File: ../assets/box.pdf Graphic file (type pdf)
<use ../assets/box.pdf>
Package pdftex.def Info: ../assets/box.pdf used on input line 1490.
(pdftex.def)             Requested size: 24.28851pt x 20.0pt.
 [48]
chapter 23.
File: ../assets/box.pdf Graphic file (type pdf)
<use ../assets/box.pdf>
Package pdftex.def Info: ../assets/box.pdf used on input line 1519.
(pdftex.def)             Requested size: 24.28851pt x 20.0pt.
 [49


]
chapter 24.

Overfull \hbox (11.73439pt too wide) in paragraph at lines 1530--1540
\T1/Roboto-LF/l/n/10 Die Stu-die-ren-den sol-len in der La-ge sein, die Mög-lic
h-kei-ten und Gren-zen des Gamification-Ansatzes
 []

File: ../assets/box.pdf Graphic file (type pdf)
<use ../assets/box.pdf>
Package pdftex.def Info: ../assets/box.pdf used on input line 1565.
(pdftex.def)             Requested size: 24.28851pt x 20.0pt.
 [50


]
File: ../assets/box.pdf Graphic file (type pdf)
 <use ../assets/box.pdf>
Package pdftex.def Info: ../assets/box.pdf used on input line 1603.
(pdftex.def)             Requested size: 24.28851pt x 20.0pt.
 [51]
chapter 25.
File: ../assets/box.pdf Graphic file (type pdf)
<use ../assets/box.pdf>
Package pdftex.def Info: ../assets/box.pdf used on input line 1650.
(pdftex.def)             Requested size: 24.28851pt x 20.0pt.
 [52


]
File: ../assets/box.pdf Graphic file (type pdf)
 <use ../assets/box.pdf>
Package pdftex.def Info: ../assets/box.pdf used on input line 1682.
(pdftex.def)             Requested size: 24.28851pt x 20.0pt.
 [53]
chapter 26.
File: ../assets/box.pdf Graphic file (type pdf)
<use ../assets/box.pdf>
Package pdftex.def Info: ../assets/box.pdf used on input line 1719.
(pdftex.def)             Requested size: 24.28851pt x 20.0pt.
 [54


]
File: ../assets/box.pdf Graphic file (type pdf)
 <use ../assets/box.pdf>
Package pdftex.def Info: ../assets/box.pdf used on input line 1783.
(pdftex.def)             Requested size: 24.28851pt x 20.0pt.
 [55]
File: ../assets/box.pdf Graphic file (type pdf)

<use ../assets/box.pdf>
Package pdftex.def Info: ../assets/box.pdf used on input line 1805.
(pdftex.def)             Requested size: 24.28851pt x 20.0pt.
 [56]
chapter 27.
File: ../assets/box.pdf Graphic file (type pdf)
<use ../assets/box.pdf>
Package pdftex.def Info: ../assets/box.pdf used on input line 1845.
(pdftex.def)             Requested size: 24.28851pt x 20.0pt.
 [57


]
Overfull \hbox (0.45955pt too wide) in paragraph at lines 1846--1857
\T1/Roboto-LF/l/n/10 Fei-n-ent-wurf); - (10%) Zu-sam-men-fas-sung und Aus-blick
 (Mo-dell-ge-trie-be-ne Soft-wa-re-ent-wick-lung); 
 []

LaTeX Font Info:    Try loading font information for T1+cmtt on input line 1894
.
(/usr/local/texlive/2016basic/texmf-dist/tex/latex/base/t1cmtt.fd
File: t1cmtt.fd 2014/09/29 v2.5h Standard LaTeX font definitions
)
File: ../assets/box.pdf Graphic file (type pdf)

<use ../assets/box.pdf>
Package pdftex.def Info: ../assets/box.pdf used on input line 1896.
(pdftex.def)             Requested size: 24.28851pt x 20.0pt.
 [58]
File: ../assets/box.pdf Graphic file (type pdf)
 <use ../assets/box.pdf>
Package pdftex.def Info: ../assets/box.pdf used on input line 1907.
(pdftex.def)             Requested size: 24.28851pt x 20.0pt.
 [59]
chapter 28.
File: ../assets/box.pdf Graphic file (type pdf)
<use ../assets/box.pdf>
Package pdftex.def Info: ../assets/box.pdf used on input line 1945.
(pdftex.def)             Requested size: 24.28851pt x 20.0pt.
 [60


]
Overfull \hbox (25.8865pt too wide) in paragraph at lines 1971--1975
[]\T1/Roboto-LF/l/n/10 Kontextfreie (Typ-2) Spra-chen: Kon-text-freie Gram-ma-t
i-ken, Chomsky- und Greibach-Normalform;
 []

File: ../assets/box.pdf Graphic file (type pdf)
<use ../assets/box.pdf>
Package pdftex.def Info: ../assets/box.pdf used on input line 1994.
(pdftex.def)             Requested size: 24.28851pt x 20.0pt.
 [61]
Overfull \hbox (3.04929pt too wide) in paragraph at lines 2036--2039
[]\T1/Roboto-LF/l/n/10 Rembold, U. et al.  (1991): Ein-füh-rung in die In-for-m
a-tik. 2.  Aufl. Han-ser, Mün-chen.                               
 []

File: ../assets/box.pdf Graphic file (type pdf)
<use ../assets/box.pdf>
Package pdftex.def Info: ../assets/box.pdf used on input line 2045.
(pdftex.def)             Requested size: 24.28851pt x 20.0pt.
 [62]
chapter 29.
File: ../assets/box.pdf Graphic file (type pdf)
<use ../assets/box.pdf>
Package pdftex.def Info: ../assets/box.pdf used on input line 2083.
(pdftex.def)             Requested size: 24.28851pt x 20.0pt.
 [63


]
Overfull \hbox (25.8865pt too wide) in paragraph at lines 2108--2112
[]\T1/Roboto-LF/l/n/10 Kontextfreie (Typ-2) Spra-chen: Kon-text-freie Gram-ma-t
i-ken, Chomsky- und Greibach-Normalform;
 []

File: ../assets/box.pdf Graphic file (type pdf)
<use ../assets/box.pdf>
Package pdftex.def Info: ../assets/box.pdf used on input line 2131.
(pdftex.def)             Requested size: 24.28851pt x 20.0pt.
 [64]
Overfull \hbox (3.04929pt too wide) in paragraph at lines 2173--2176
[]\T1/Roboto-LF/l/n/10 Rembold, U. et al.  (1991): Ein-füh-rung in die In-for-m
a-tik. 2.  Aufl. Han-ser, Mün-chen.                               
 []

File: ../assets/box.pdf Graphic file (type pdf)
<use ../assets/box.pdf>
Package pdftex.def Info: ../assets/box.pdf used on input line 2182.
(pdftex.def)             Requested size: 24.28851pt x 20.0pt.
 [65]
chapter 30.
File: ../assets/box.pdf Graphic file (type pdf)
<use ../assets/box.pdf>
Package pdftex.def Info: ../assets/box.pdf used on input line 2218.
(pdftex.def)             Requested size: 24.28851pt x 20.0pt.
 [66


]
File: ../assets/box.pdf Graphic file (type pdf)
 <use ../assets/box.pdf>
Package pdftex.def Info: ../assets/box.pdf used on input line 2290.
(pdftex.def)             Requested size: 24.28851pt x 20.0pt.
 [67]
Overfull \hbox (1.68341pt too wide) in paragraph at lines 2327--2344
[]\T1/Roboto-LF/l/n/10 Dabei be-herr-schen die Stu-die-ren-den nach Ab-schluss 
des Mo-duls die Fä-hig-keit ab-strak-te Szenen-
 []


Overfull \hbox (5.7405pt too wide) in paragraph at lines 2327--2344
\T1/Roboto-LF/l/n/10 Stu-die-ren-den die grund-le-gen-den Al-go-rith-men und Da
-ten-struk-tu-ren der Echtzeit-Computergraphik
 []

File: ../assets/box.pdf Graphic file (type pdf)
<use ../assets/box.pdf>
Package pdftex.def Info: ../assets/box.pdf used on input line 2344.
(pdftex.def)             Requested size: 24.28851pt x 20.0pt.
 [68]
Overfull \hbox (1.87347pt too wide) in paragraph at lines 2348--2356
\T1/Roboto-LF/l/n/10 die-ser for-mu-lier-ten Fach-kom-pe-tenz, Me-tho-den-kom-p
e-tenz und Kom-mu-ni-ka-ti-ons-kom-pe-tenz ste-
 []

File: ../assets/box.pdf Graphic file (type pdf)
<use ../assets/box.pdf>
Package pdftex.def Info: ../assets/box.pdf used on input line 2390.
(pdftex.def)             Requested size: 24.28851pt x 20.0pt.
 [69]
Overfull \hbox (37.55838pt too wide) in paragraph at lines 2418--2425
\T1/Roboto-LF/l/n/10 Pro-gram-mie-rung zu ver-tie-fen und prak-tisch an-zu-wen-
den. Durch den Ein-satz von Uni-ty als Crossplatform-
 []

File: ../assets/box.pdf Graphic file (type pdf)
<use ../assets/box.pdf>
Package pdftex.def Info: ../assets/box.pdf used on input line 2439.
(pdftex.def)             Requested size: 24.28851pt x 20.0pt.
 [70]
File: ../assets/box.pdf Graphic file (type pdf)
 <use ../assets/box.pdf>
Package pdftex.def Info: ../assets/box.pdf used on input line 2515.
(pdftex.def)             Requested size: 24.28851pt x 20.0pt.
 [71]
File: ../assets/box.pdf Graphic file (type pdf)

<use ../assets/box.pdf>
Package pdftex.def Info: ../assets/box.pdf used on input line 2594.
(pdftex.def)             Requested size: 24.28851pt x 20.0pt.
 [72]
File: ../assets/box.pdf Graphic file (type pdf)
 <use ../assets/box.pdf>
Package pdftex.def Info: ../assets/box.pdf used on input line 2645.
(pdftex.def)             Requested size: 24.28851pt x 20.0pt.
 [73]
Overfull \hbox (6.52872pt too wide) in paragraph at lines 2689--2692
[]\T1/Roboto-LF/l/n/10 Steven D. Katz, Die Rich-ti-ge Ein-stel-lung, Zwei-tau-s
end-eins, Frank-furt a.M.1998,ISBN 3-86150-
 []


Overfull \hbox (3.21155pt too wide) in paragraph at lines 2695--2698
[]\T1/Roboto-LF/l/n/10 Hans Kor-nacher & Man-fred Stross, Do-ku-men-ta-ri-sches
 Vi-deo-fil-men, Au-gus-tus Ver-lag, Augs-
 []

File: ../assets/box.pdf Graphic file (type pdf)
<use ../assets/box.pdf>
Package pdftex.def Info: ../assets/box.pdf used on input line 2708.
(pdftex.def)             Requested size: 24.28851pt x 20.0pt.
 [74]
File: ../assets/box.pdf Graphic file (type pdf)
 <use ../assets/box.pdf>
Package pdftex.def Info: ../assets/box.pdf used on input line 2767.
(pdftex.def)             Requested size: 24.28851pt x 20.0pt.
 [75]
chapter 31.
File: ../assets/box.pdf Graphic file (type pdf)
<use ../assets/box.pdf>
Package pdftex.def Info: ../assets/box.pdf used on input line 2806.
(pdftex.def)             Requested size: 24.28851pt x 20.0pt.
 [76


]
Overfull \hbox (1.18839pt too wide) in paragraph at lines 2857--2865
\T1/Roboto-LF/l/n/10 mehr All-tags-ge-gen-stän-de wer-den mit Tech-no-lo-gi-en 
an-ge-rei-chert, die ei-ne Dienste-Bereitstellung
 []

File: ../assets/box.pdf Graphic file (type pdf)
<use ../assets/box.pdf>
Package pdftex.def Info: ../assets/box.pdf used on input line 2865.
(pdftex.def)             Requested size: 24.28851pt x 20.0pt.
 [77]
File: ../assets/box.pdf Graphic file (type pdf)
 <use ../assets/box.pdf>
Package pdftex.def Info: ../assets/box.pdf used on input line 2929.
(pdftex.def)             Requested size: 24.28851pt x 20.0pt.
 [78]
File: ../assets/box.pdf Graphic file (type pdf)

<use ../assets/box.pdf>
Package pdftex.def Info: ../assets/box.pdf used on input line 2981.
(pdftex.def)             Requested size: 24.28851pt x 20.0pt.
 [79]
chapter 32.
File: ../assets/box.pdf Graphic file (type pdf)
<use ../assets/box.pdf>
Package pdftex.def Info: ../assets/box.pdf used on input line 3023.
(pdftex.def)             Requested size: 24.28851pt x 20.0pt.
 [80


]
File: ../assets/box.pdf Graphic file (type pdf)
 <use ../assets/box.pdf>
Package pdftex.def Info: ../assets/box.pdf used on input line 3050.
(pdftex.def)             Requested size: 24.28851pt x 20.0pt.
 [81]
chapter 33.
File: ../assets/box.pdf Graphic file (type pdf)
<use ../assets/box.pdf>
Package pdftex.def Info: ../assets/box.pdf used on input line 3081.
(pdftex.def)             Requested size: 24.28851pt x 20.0pt.
 [82


])
File: ../assets/box.pdf Graphic file (type pdf)
 <use ../assets/box.pdf>
Package pdftex.def Info: ../assets/box.pdf used on input line 206.
(pdftex.def)             Requested size: 24.28851pt x 20.0pt.
 [83]
Package atveryend Info: Empty hook `BeforeClearDocument' on input line 214.
Package atveryend Info: Empty hook `AfterLastShipout' on input line 214.

(./modulbeschreibungen-bachelor.aux (./content.aux))
Package atveryend Info: Executing hook `AtVeryEndDocument' on input line 214.
Package atveryend Info: Executing hook `AtEndAfterFileList' on input line 214.
Package rerunfilecheck Info: File `modulbeschreibungen-bachelor.out' has not ch
anged.
(rerunfilecheck)             Checksum: 481F09C22439BE27978AAC11A2A9DFF1;20931.
 ) 
Here is how much of TeX's memory you used:
 16826 strings out of 494447
 265937 string characters out of 6166766
 464328 words of memory out of 5000000
 19496 multiletter control sequences out of 15000+600000
 31446 words of font info for 28 fonts, out of 8000000 for 9000
 319 hyphenation exceptions out of 8191
 57i,15n,100p,8507b,807s stack positions out of 5000i,500n,10000p,200000b,80000s
 </Users/jorge/Library/texlive/2016basic/texmf-var/fonts/pk/ljfour/jknappen/e
c/ectt1000.600pk>{/usr/local/texlive/2016basic/texmf-dist/fonts/enc/dvips/robot
o/rbto_bergpl.enc}{/usr/local/texlive/2016basic/texmf-dist/fonts/enc/dvips/robo
to/rbto_idpkzy.enc}</usr/local/texlive/2016basic/texmf-dist/fonts/type1/google/
roboto/Roboto-Bold.pfb></usr/local/texlive/2016basic/texmf-dist/fonts/type1/goo
gle/roboto/Roboto-Light.pfb></usr/local/texlive/2016basic/texmf-dist/fonts/type
1/public/amsfonts/cm/cmsy10.pfb>
Output written on modulbeschreibungen-bachelor.pdf (91 pages, 616323 bytes).
PDF statistics:
 2071 PDF objects out of 2073 (max. 8388607)
 1922 compressed objects within 20 object streams
 391 named destinations out of 1000 (max. 500000)
 2446 words of extra memory for PDF output out of 10000 (max. 10000000)

